[2026-05-15T00:01:11.529+0000] {processor.py:161} INFO - Started process (PID=259) to work on /opt/airflow/dags/chicago_crimes_dag.py
[2026-05-15T00:01:11.530+0000] {processor.py:830} INFO - Processing file /opt/airflow/dags/chicago_crimes_dag.py for tasks to queue
[2026-05-15T00:01:11.532+0000] {logging_mixin.py:188} INFO - [2026-05-15T00:01:11.531+0000] {dagbag.py:538} INFO - Filling up the DagBag from /opt/airflow/dags/chicago_crimes_dag.py
[2026-05-15T00:01:11.858+0000] {processor.py:840} INFO - DAG(s) 'chicago_crimes_ingestion' retrieved from /opt/airflow/dags/chicago_crimes_dag.py
[2026-05-15T00:01:11.919+0000] {logging_mixin.py:188} INFO - [2026-05-15T00:01:11.918+0000] {dag.py:3036} INFO - Sync 1 DAGs
[2026-05-15T00:01:11.953+0000] {logging_mixin.py:188} INFO - [2026-05-15T00:01:11.953+0000] {dag.py:3823} INFO - Setting next_dagrun for chicago_crimes_ingestion to 2026-05-14 00:00:00+00:00, run_after=2026-05-15 00:00:00+00:00
[2026-05-15T00:01:11.981+0000] {processor.py:183} INFO - Processing /opt/airflow/dags/chicago_crimes_dag.py took 0.460 seconds
[2026-05-15T00:32:03.192+0000] {processor.py:161} INFO - Started process (PID=266) to work on /opt/airflow/dags/chicago_crimes_dag.py
[2026-05-15T00:32:03.194+0000] {processor.py:830} INFO - Processing file /opt/airflow/dags/chicago_crimes_dag.py for tasks to queue
[2026-05-15T00:32:03.195+0000] {logging_mixin.py:188} INFO - [2026-05-15T00:32:03.194+0000] {dagbag.py:538} INFO - Filling up the DagBag from /opt/airflow/dags/chicago_crimes_dag.py
[2026-05-15T00:32:03.465+0000] {processor.py:840} INFO - DAG(s) 'chicago_crimes_ingestion' retrieved from /opt/airflow/dags/chicago_crimes_dag.py
[2026-05-15T00:32:03.493+0000] {logging_mixin.py:188} INFO - [2026-05-15T00:32:03.493+0000] {dag.py:3036} INFO - Sync 1 DAGs
[2026-05-15T00:32:03.519+0000] {logging_mixin.py:188} INFO - [2026-05-15T00:32:03.518+0000] {dag.py:3823} INFO - Setting next_dagrun for chicago_crimes_ingestion to 2026-05-14 00:00:00+00:00, run_after=2026-05-15 00:00:00+00:00
[2026-05-15T00:32:03.536+0000] {processor.py:183} INFO - Processing /opt/airflow/dags/chicago_crimes_dag.py took 0.348 seconds
[2026-05-15T00:47:33.529+0000] {processor.py:161} INFO - Started process (PID=273) to work on /opt/airflow/dags/chicago_crimes_dag.py
[2026-05-15T00:47:33.532+0000] {processor.py:830} INFO - Processing file /opt/airflow/dags/chicago_crimes_dag.py for tasks to queue
[2026-05-15T00:47:33.533+0000] {logging_mixin.py:188} INFO - [2026-05-15T00:47:33.533+0000] {dagbag.py:538} INFO - Filling up the DagBag from /opt/airflow/dags/chicago_crimes_dag.py
[2026-05-15T00:47:33.820+0000] {processor.py:840} INFO - DAG(s) 'chicago_crimes_ingestion' retrieved from /opt/airflow/dags/chicago_crimes_dag.py
[2026-05-15T00:47:33.849+0000] {logging_mixin.py:188} INFO - [2026-05-15T00:47:33.848+0000] {dag.py:3036} INFO - Sync 1 DAGs
[2026-05-15T00:47:33.872+0000] {logging_mixin.py:188} INFO - [2026-05-15T00:47:33.872+0000] {dag.py:3823} INFO - Setting next_dagrun for chicago_crimes_ingestion to 2026-05-14 00:00:00+00:00, run_after=2026-05-15 00:00:00+00:00
[2026-05-15T00:47:33.890+0000] {processor.py:183} INFO - Processing /opt/airflow/dags/chicago_crimes_dag.py took 0.370 seconds
[2026-05-15T00:51:15.235+0000] {processor.py:161} INFO - Started process (PID=279) to work on /opt/airflow/dags/chicago_crimes_dag.py
[2026-05-15T00:51:15.236+0000] {processor.py:830} INFO - Processing file /opt/airflow/dags/chicago_crimes_dag.py for tasks to queue
[2026-05-15T00:51:15.238+0000] {logging_mixin.py:188} INFO - [2026-05-15T00:51:15.237+0000] {dagbag.py:538} INFO - Filling up the DagBag from /opt/airflow/dags/chicago_crimes_dag.py
[2026-05-15T00:51:15.528+0000] {processor.py:840} INFO - DAG(s) 'chicago_crimes_ingestion' retrieved from /opt/airflow/dags/chicago_crimes_dag.py
[2026-05-15T00:51:15.558+0000] {logging_mixin.py:188} INFO - [2026-05-15T00:51:15.557+0000] {dag.py:3036} INFO - Sync 1 DAGs
[2026-05-15T00:51:15.585+0000] {logging_mixin.py:188} INFO - [2026-05-15T00:51:15.584+0000] {dag.py:3823} INFO - Setting next_dagrun for chicago_crimes_ingestion to 2026-05-14 00:00:00+00:00, run_after=2026-05-15 00:00:00+00:00
[2026-05-15T00:51:15.604+0000] {processor.py:183} INFO - Processing /opt/airflow/dags/chicago_crimes_dag.py took 0.375 seconds
[2026-05-15T00:54:13.952+0000] {processor.py:161} INFO - Started process (PID=287) to work on /opt/airflow/dags/chicago_crimes_dag.py
[2026-05-15T00:54:13.954+0000] {processor.py:830} INFO - Processing file /opt/airflow/dags/chicago_crimes_dag.py for tasks to queue
[2026-05-15T00:54:13.955+0000] {logging_mixin.py:188} INFO - [2026-05-15T00:54:13.954+0000] {dagbag.py:538} INFO - Filling up the DagBag from /opt/airflow/dags/chicago_crimes_dag.py
[2026-05-15T00:54:14.157+0000] {processor.py:840} INFO - DAG(s) 'chicago_crimes_ingestion' retrieved from /opt/airflow/dags/chicago_crimes_dag.py
[2026-05-15T00:54:14.182+0000] {logging_mixin.py:188} INFO - [2026-05-15T00:54:14.181+0000] {dag.py:3036} INFO - Sync 1 DAGs
[2026-05-15T00:54:14.200+0000] {logging_mixin.py:188} INFO - [2026-05-15T00:54:14.199+0000] {dag.py:3823} INFO - Setting next_dagrun for chicago_crimes_ingestion to 2026-05-14 00:00:00+00:00, run_after=2026-05-15 00:00:00+00:00
[2026-05-15T00:54:14.207+0000] {processor.py:183} INFO - Processing /opt/airflow/dags/chicago_crimes_dag.py took 0.259 seconds
[2026-05-15T00:56:12.006+0000] {processor.py:161} INFO - Started process (PID=293) to work on /opt/airflow/dags/chicago_crimes_dag.py
[2026-05-15T00:56:12.009+0000] {processor.py:830} INFO - Processing file /opt/airflow/dags/chicago_crimes_dag.py for tasks to queue
[2026-05-15T00:56:12.010+0000] {logging_mixin.py:188} INFO - [2026-05-15T00:56:12.009+0000] {dagbag.py:538} INFO - Filling up the DagBag from /opt/airflow/dags/chicago_crimes_dag.py
[2026-05-15T00:56:12.180+0000] {processor.py:840} INFO - DAG(s) 'chicago_crimes_ingestion' retrieved from /opt/airflow/dags/chicago_crimes_dag.py
[2026-05-15T00:56:12.196+0000] {logging_mixin.py:188} INFO - [2026-05-15T00:56:12.196+0000] {dag.py:3036} INFO - Sync 1 DAGs
[2026-05-15T00:56:12.210+0000] {logging_mixin.py:188} INFO - [2026-05-15T00:56:12.210+0000] {dag.py:3823} INFO - Setting next_dagrun for chicago_crimes_ingestion to 2026-05-14 00:00:00+00:00, run_after=2026-05-15 00:00:00+00:00
[2026-05-15T00:56:12.217+0000] {processor.py:183} INFO - Processing /opt/airflow/dags/chicago_crimes_dag.py took 0.222 seconds
[2026-05-15T00:56:56.378+0000] {processor.py:161} INFO - Started process (PID=299) to work on /opt/airflow/dags/chicago_crimes_dag.py
[2026-05-15T00:56:56.380+0000] {processor.py:830} INFO - Processing file /opt/airflow/dags/chicago_crimes_dag.py for tasks to queue
[2026-05-15T00:56:56.381+0000] {logging_mixin.py:188} INFO - [2026-05-15T00:56:56.381+0000] {dagbag.py:538} INFO - Filling up the DagBag from /opt/airflow/dags/chicago_crimes_dag.py
[2026-05-15T00:56:56.543+0000] {processor.py:840} INFO - DAG(s) 'chicago_crimes_ingestion' retrieved from /opt/airflow/dags/chicago_crimes_dag.py
[2026-05-15T00:56:56.556+0000] {logging_mixin.py:188} INFO - [2026-05-15T00:56:56.556+0000] {dag.py:3036} INFO - Sync 1 DAGs
[2026-05-15T00:56:56.565+0000] {logging_mixin.py:188} INFO - [2026-05-15T00:56:56.564+0000] {dag.py:3823} INFO - Setting next_dagrun for chicago_crimes_ingestion to 2026-05-14 00:00:00+00:00, run_after=2026-05-15 00:00:00+00:00
[2026-05-15T00:56:56.573+0000] {processor.py:183} INFO - Processing /opt/airflow/dags/chicago_crimes_dag.py took 0.202 seconds
[2026-05-15T01:12:25.745+0000] {processor.py:161} INFO - Started process (PID=305) to work on /opt/airflow/dags/chicago_crimes_dag.py
[2026-05-15T01:12:25.747+0000] {processor.py:830} INFO - Processing file /opt/airflow/dags/chicago_crimes_dag.py for tasks to queue
[2026-05-15T01:12:25.747+0000] {logging_mixin.py:188} INFO - [2026-05-15T01:12:25.747+0000] {dagbag.py:538} INFO - Filling up the DagBag from /opt/airflow/dags/chicago_crimes_dag.py
[2026-05-15T01:12:25.890+0000] {processor.py:840} INFO - DAG(s) 'chicago_crimes_ingestion' retrieved from /opt/airflow/dags/chicago_crimes_dag.py
[2026-05-15T01:12:25.901+0000] {logging_mixin.py:188} INFO - [2026-05-15T01:12:25.900+0000] {dag.py:3036} INFO - Sync 1 DAGs
[2026-05-15T01:12:25.914+0000] {logging_mixin.py:188} INFO - [2026-05-15T01:12:25.914+0000] {dag.py:3823} INFO - Setting next_dagrun for chicago_crimes_ingestion to 2026-05-14 00:00:00+00:00, run_after=2026-05-15 00:00:00+00:00
[2026-05-15T01:12:25.921+0000] {processor.py:183} INFO - Processing /opt/airflow/dags/chicago_crimes_dag.py took 0.182 seconds
[2026-05-15T01:27:57.532+0000] {processor.py:161} INFO - Started process (PID=312) to work on /opt/airflow/dags/chicago_crimes_dag.py
[2026-05-15T01:27:57.534+0000] {processor.py:830} INFO - Processing file /opt/airflow/dags/chicago_crimes_dag.py for tasks to queue
[2026-05-15T01:27:57.535+0000] {logging_mixin.py:188} INFO - [2026-05-15T01:27:57.534+0000] {dagbag.py:538} INFO - Filling up the DagBag from /opt/airflow/dags/chicago_crimes_dag.py
[2026-05-15T01:27:57.723+0000] {processor.py:840} INFO - DAG(s) 'chicago_crimes_ingestion' retrieved from /opt/airflow/dags/chicago_crimes_dag.py
[2026-05-15T01:27:57.751+0000] {logging_mixin.py:188} INFO - [2026-05-15T01:27:57.750+0000] {dag.py:3036} INFO - Sync 1 DAGs
[2026-05-15T01:27:57.775+0000] {logging_mixin.py:188} INFO - [2026-05-15T01:27:57.775+0000] {dag.py:3823} INFO - Setting next_dagrun for chicago_crimes_ingestion to 2026-05-14 00:00:00+00:00, run_after=2026-05-15 00:00:00+00:00
[2026-05-15T01:27:57.797+0000] {processor.py:183} INFO - Processing /opt/airflow/dags/chicago_crimes_dag.py took 0.268 seconds
[2026-05-15T01:43:27.366+0000] {processor.py:161} INFO - Started process (PID=318) to work on /opt/airflow/dags/chicago_crimes_dag.py
[2026-05-15T01:43:27.367+0000] {processor.py:830} INFO - Processing file /opt/airflow/dags/chicago_crimes_dag.py for tasks to queue
[2026-05-15T01:43:27.370+0000] {logging_mixin.py:188} INFO - [2026-05-15T01:43:27.369+0000] {dagbag.py:538} INFO - Filling up the DagBag from /opt/airflow/dags/chicago_crimes_dag.py
[2026-05-15T01:43:27.564+0000] {processor.py:840} INFO - DAG(s) 'chicago_crimes_ingestion' retrieved from /opt/airflow/dags/chicago_crimes_dag.py
[2026-05-15T01:43:27.577+0000] {logging_mixin.py:188} INFO - [2026-05-15T01:43:27.577+0000] {dag.py:3036} INFO - Sync 1 DAGs
[2026-05-15T01:43:27.593+0000] {logging_mixin.py:188} INFO - [2026-05-15T01:43:27.592+0000] {dag.py:3823} INFO - Setting next_dagrun for chicago_crimes_ingestion to 2026-05-14 00:00:00+00:00, run_after=2026-05-15 00:00:00+00:00
[2026-05-15T01:43:27.599+0000] {processor.py:183} INFO - Processing /opt/airflow/dags/chicago_crimes_dag.py took 0.237 seconds
[2026-05-15T02:09:39.625+0000] {processor.py:161} INFO - Started process (PID=324) to work on /opt/airflow/dags/chicago_crimes_dag.py
[2026-05-15T02:09:39.626+0000] {processor.py:830} INFO - Processing file /opt/airflow/dags/chicago_crimes_dag.py for tasks to queue
[2026-05-15T02:09:39.627+0000] {logging_mixin.py:188} INFO - [2026-05-15T02:09:39.626+0000] {dagbag.py:538} INFO - Filling up the DagBag from /opt/airflow/dags/chicago_crimes_dag.py
[2026-05-15T02:09:39.790+0000] {processor.py:840} INFO - DAG(s) 'chicago_crimes_ingestion' retrieved from /opt/airflow/dags/chicago_crimes_dag.py
[2026-05-15T02:09:39.811+0000] {logging_mixin.py:188} INFO - [2026-05-15T02:09:39.811+0000] {dag.py:3036} INFO - Sync 1 DAGs
[2026-05-15T02:09:39.821+0000] {logging_mixin.py:188} INFO - [2026-05-15T02:09:39.820+0000] {dag.py:3823} INFO - Setting next_dagrun for chicago_crimes_ingestion to 2026-05-14 00:00:00+00:00, run_after=2026-05-15 00:00:00+00:00
[2026-05-15T02:09:39.827+0000] {processor.py:183} INFO - Processing /opt/airflow/dags/chicago_crimes_dag.py took 0.212 seconds
[2026-05-15T02:33:41.235+0000] {processor.py:161} INFO - Started process (PID=330) to work on /opt/airflow/dags/chicago_crimes_dag.py
[2026-05-15T02:33:41.237+0000] {processor.py:830} INFO - Processing file /opt/airflow/dags/chicago_crimes_dag.py for tasks to queue
[2026-05-15T02:33:41.237+0000] {logging_mixin.py:188} INFO - [2026-05-15T02:33:41.237+0000] {dagbag.py:538} INFO - Filling up the DagBag from /opt/airflow/dags/chicago_crimes_dag.py
[2026-05-15T02:33:41.448+0000] {processor.py:840} INFO - DAG(s) 'chicago_crimes_ingestion' retrieved from /opt/airflow/dags/chicago_crimes_dag.py
[2026-05-15T02:33:41.466+0000] {logging_mixin.py:188} INFO - [2026-05-15T02:33:41.466+0000] {dag.py:3036} INFO - Sync 1 DAGs
[2026-05-15T02:33:41.477+0000] {logging_mixin.py:188} INFO - [2026-05-15T02:33:41.477+0000] {dag.py:3823} INFO - Setting next_dagrun for chicago_crimes_ingestion to 2026-05-14 00:00:00+00:00, run_after=2026-05-15 00:00:00+00:00
[2026-05-15T02:33:41.486+0000] {processor.py:183} INFO - Processing /opt/airflow/dags/chicago_crimes_dag.py took 0.256 seconds
[2026-05-15T02:50:37.083+0000] {processor.py:161} INFO - Started process (PID=337) to work on /opt/airflow/dags/chicago_crimes_dag.py
[2026-05-15T02:50:37.084+0000] {processor.py:830} INFO - Processing file /opt/airflow/dags/chicago_crimes_dag.py for tasks to queue
[2026-05-15T02:50:37.084+0000] {logging_mixin.py:188} INFO - [2026-05-15T02:50:37.084+0000] {dagbag.py:538} INFO - Filling up the DagBag from /opt/airflow/dags/chicago_crimes_dag.py
[2026-05-15T02:50:37.274+0000] {processor.py:840} INFO - DAG(s) 'chicago_crimes_ingestion' retrieved from /opt/airflow/dags/chicago_crimes_dag.py
[2026-05-15T02:50:37.291+0000] {logging_mixin.py:188} INFO - [2026-05-15T02:50:37.291+0000] {dag.py:3036} INFO - Sync 1 DAGs
[2026-05-15T02:50:37.302+0000] {logging_mixin.py:188} INFO - [2026-05-15T02:50:37.302+0000] {dag.py:3823} INFO - Setting next_dagrun for chicago_crimes_ingestion to 2026-05-14 00:00:00+00:00, run_after=2026-05-15 00:00:00+00:00
[2026-05-15T02:50:37.309+0000] {processor.py:183} INFO - Processing /opt/airflow/dags/chicago_crimes_dag.py took 0.229 seconds
[2026-05-15T03:08:07.893+0000] {processor.py:161} INFO - Started process (PID=344) to work on /opt/airflow/dags/chicago_crimes_dag.py
[2026-05-15T03:08:07.895+0000] {processor.py:830} INFO - Processing file /opt/airflow/dags/chicago_crimes_dag.py for tasks to queue
[2026-05-15T03:08:07.896+0000] {logging_mixin.py:188} INFO - [2026-05-15T03:08:07.895+0000] {dagbag.py:538} INFO - Filling up the DagBag from /opt/airflow/dags/chicago_crimes_dag.py
[2026-05-15T03:08:08.083+0000] {processor.py:840} INFO - DAG(s) 'chicago_crimes_ingestion' retrieved from /opt/airflow/dags/chicago_crimes_dag.py
[2026-05-15T03:08:08.112+0000] {logging_mixin.py:188} INFO - [2026-05-15T03:08:08.112+0000] {dag.py:3036} INFO - Sync 1 DAGs
[2026-05-15T03:08:08.143+0000] {logging_mixin.py:188} INFO - [2026-05-15T03:08:08.142+0000] {dag.py:3823} INFO - Setting next_dagrun for chicago_crimes_ingestion to 2026-05-14 00:00:00+00:00, run_after=2026-05-15 00:00:00+00:00
[2026-05-15T03:08:08.168+0000] {processor.py:183} INFO - Processing /opt/airflow/dags/chicago_crimes_dag.py took 0.285 seconds
[2026-05-15T03:09:48.307+0000] {processor.py:161} INFO - Started process (PID=350) to work on /opt/airflow/dags/chicago_crimes_dag.py
[2026-05-15T03:09:48.309+0000] {processor.py:830} INFO - Processing file /opt/airflow/dags/chicago_crimes_dag.py for tasks to queue
[2026-05-15T03:09:48.310+0000] {logging_mixin.py:188} INFO - [2026-05-15T03:09:48.309+0000] {dagbag.py:538} INFO - Filling up the DagBag from /opt/airflow/dags/chicago_crimes_dag.py
[2026-05-15T03:09:48.494+0000] {processor.py:840} INFO - DAG(s) 'chicago_crimes_ingestion' retrieved from /opt/airflow/dags/chicago_crimes_dag.py
[2026-05-15T03:09:48.512+0000] {logging_mixin.py:188} INFO - [2026-05-15T03:09:48.512+0000] {dag.py:3036} INFO - Sync 1 DAGs
[2026-05-15T03:09:48.529+0000] {logging_mixin.py:188} INFO - [2026-05-15T03:09:48.529+0000] {dag.py:3823} INFO - Setting next_dagrun for chicago_crimes_ingestion to 2026-05-14 00:00:00+00:00, run_after=2026-05-15 00:00:00+00:00
[2026-05-15T03:09:48.536+0000] {processor.py:183} INFO - Processing /opt/airflow/dags/chicago_crimes_dag.py took 0.240 seconds
[2026-05-15T03:15:41.839+0000] {processor.py:161} INFO - Started process (PID=356) to work on /opt/airflow/dags/chicago_crimes_dag.py
[2026-05-15T03:15:41.841+0000] {processor.py:830} INFO - Processing file /opt/airflow/dags/chicago_crimes_dag.py for tasks to queue
[2026-05-15T03:15:41.843+0000] {logging_mixin.py:188} INFO - [2026-05-15T03:15:41.843+0000] {dagbag.py:538} INFO - Filling up the DagBag from /opt/airflow/dags/chicago_crimes_dag.py
[2026-05-15T03:15:42.138+0000] {processor.py:840} INFO - DAG(s) 'chicago_crimes_ingestion' retrieved from /opt/airflow/dags/chicago_crimes_dag.py
[2026-05-15T03:15:42.185+0000] {logging_mixin.py:188} INFO - [2026-05-15T03:15:42.183+0000] {dag.py:3036} INFO - Sync 1 DAGs
[2026-05-15T03:15:42.210+0000] {logging_mixin.py:188} INFO - [2026-05-15T03:15:42.209+0000] {dag.py:3823} INFO - Setting next_dagrun for chicago_crimes_ingestion to 2026-05-14 00:00:00+00:00, run_after=2026-05-15 00:00:00+00:00
[2026-05-15T03:15:42.228+0000] {processor.py:183} INFO - Processing /opt/airflow/dags/chicago_crimes_dag.py took 0.394 seconds
[2026-05-15T03:31:11.762+0000] {processor.py:161} INFO - Started process (PID=364) to work on /opt/airflow/dags/chicago_crimes_dag.py
[2026-05-15T03:31:11.764+0000] {processor.py:830} INFO - Processing file /opt/airflow/dags/chicago_crimes_dag.py for tasks to queue
[2026-05-15T03:31:11.769+0000] {logging_mixin.py:188} INFO - [2026-05-15T03:31:11.768+0000] {dagbag.py:538} INFO - Filling up the DagBag from /opt/airflow/dags/chicago_crimes_dag.py
[2026-05-15T03:31:12.071+0000] {processor.py:840} INFO - DAG(s) 'chicago_crimes_ingestion' retrieved from /opt/airflow/dags/chicago_crimes_dag.py
[2026-05-15T03:31:12.117+0000] {logging_mixin.py:188} INFO - [2026-05-15T03:31:12.116+0000] {dag.py:3036} INFO - Sync 1 DAGs
[2026-05-15T03:31:12.142+0000] {logging_mixin.py:188} INFO - [2026-05-15T03:31:12.142+0000] {dag.py:3823} INFO - Setting next_dagrun for chicago_crimes_ingestion to 2026-05-14 00:00:00+00:00, run_after=2026-05-15 00:00:00+00:00
[2026-05-15T03:31:12.163+0000] {processor.py:183} INFO - Processing /opt/airflow/dags/chicago_crimes_dag.py took 0.406 seconds
[2026-05-15T03:53:45.488+0000] {processor.py:161} INFO - Started process (PID=370) to work on /opt/airflow/dags/chicago_crimes_dag.py
[2026-05-15T03:53:45.488+0000] {processor.py:830} INFO - Processing file /opt/airflow/dags/chicago_crimes_dag.py for tasks to queue
[2026-05-15T03:53:45.489+0000] {logging_mixin.py:188} INFO - [2026-05-15T03:53:45.489+0000] {dagbag.py:538} INFO - Filling up the DagBag from /opt/airflow/dags/chicago_crimes_dag.py
[2026-05-15T03:53:45.694+0000] {processor.py:840} INFO - DAG(s) 'chicago_crimes_ingestion' retrieved from /opt/airflow/dags/chicago_crimes_dag.py
[2026-05-15T03:53:45.712+0000] {logging_mixin.py:188} INFO - [2026-05-15T03:53:45.711+0000] {dag.py:3036} INFO - Sync 1 DAGs
[2026-05-15T03:53:45.724+0000] {logging_mixin.py:188} INFO - [2026-05-15T03:53:45.724+0000] {dag.py:3823} INFO - Setting next_dagrun for chicago_crimes_ingestion to 2026-05-14 00:00:00+00:00, run_after=2026-05-15 00:00:00+00:00
[2026-05-15T03:53:45.733+0000] {processor.py:183} INFO - Processing /opt/airflow/dags/chicago_crimes_dag.py took 0.248 seconds
[2026-05-15T04:11:43.340+0000] {processor.py:161} INFO - Started process (PID=376) to work on /opt/airflow/dags/chicago_crimes_dag.py
[2026-05-15T04:11:43.342+0000] {processor.py:830} INFO - Processing file /opt/airflow/dags/chicago_crimes_dag.py for tasks to queue
[2026-05-15T04:11:43.344+0000] {logging_mixin.py:188} INFO - [2026-05-15T04:11:43.343+0000] {dagbag.py:538} INFO - Filling up the DagBag from /opt/airflow/dags/chicago_crimes_dag.py
[2026-05-15T04:11:43.574+0000] {processor.py:840} INFO - DAG(s) 'chicago_crimes_ingestion' retrieved from /opt/airflow/dags/chicago_crimes_dag.py
[2026-05-15T04:11:43.605+0000] {logging_mixin.py:188} INFO - [2026-05-15T04:11:43.605+0000] {dag.py:3036} INFO - Sync 1 DAGs
[2026-05-15T04:11:43.629+0000] {logging_mixin.py:188} INFO - [2026-05-15T04:11:43.629+0000] {dag.py:3823} INFO - Setting next_dagrun for chicago_crimes_ingestion to 2026-05-14 00:00:00+00:00, run_after=2026-05-15 00:00:00+00:00
[2026-05-15T04:11:43.651+0000] {processor.py:183} INFO - Processing /opt/airflow/dags/chicago_crimes_dag.py took 0.318 seconds
[2026-05-15T04:34:34.005+0000] {processor.py:161} INFO - Started process (PID=382) to work on /opt/airflow/dags/chicago_crimes_dag.py
[2026-05-15T04:34:34.006+0000] {processor.py:830} INFO - Processing file /opt/airflow/dags/chicago_crimes_dag.py for tasks to queue
[2026-05-15T04:34:34.007+0000] {logging_mixin.py:188} INFO - [2026-05-15T04:34:34.007+0000] {dagbag.py:538} INFO - Filling up the DagBag from /opt/airflow/dags/chicago_crimes_dag.py
[2026-05-15T04:34:34.203+0000] {processor.py:840} INFO - DAG(s) 'chicago_crimes_ingestion' retrieved from /opt/airflow/dags/chicago_crimes_dag.py
[2026-05-15T04:34:34.226+0000] {logging_mixin.py:188} INFO - [2026-05-15T04:34:34.225+0000] {dag.py:3036} INFO - Sync 1 DAGs
[2026-05-15T04:34:34.238+0000] {logging_mixin.py:188} INFO - [2026-05-15T04:34:34.238+0000] {dag.py:3823} INFO - Setting next_dagrun for chicago_crimes_ingestion to 2026-05-14 00:00:00+00:00, run_after=2026-05-15 00:00:00+00:00
[2026-05-15T04:34:34.246+0000] {processor.py:183} INFO - Processing /opt/airflow/dags/chicago_crimes_dag.py took 0.244 seconds
[2026-05-15T04:54:46.352+0000] {processor.py:161} INFO - Started process (PID=390) to work on /opt/airflow/dags/chicago_crimes_dag.py
[2026-05-15T04:54:46.353+0000] {processor.py:830} INFO - Processing file /opt/airflow/dags/chicago_crimes_dag.py for tasks to queue
[2026-05-15T04:54:46.354+0000] {logging_mixin.py:188} INFO - [2026-05-15T04:54:46.354+0000] {dagbag.py:538} INFO - Filling up the DagBag from /opt/airflow/dags/chicago_crimes_dag.py
[2026-05-15T04:54:46.551+0000] {processor.py:840} INFO - DAG(s) 'chicago_crimes_ingestion' retrieved from /opt/airflow/dags/chicago_crimes_dag.py
[2026-05-15T04:54:46.583+0000] {logging_mixin.py:188} INFO - [2026-05-15T04:54:46.583+0000] {dag.py:3036} INFO - Sync 1 DAGs
[2026-05-15T04:54:46.609+0000] {logging_mixin.py:188} INFO - [2026-05-15T04:54:46.608+0000] {dag.py:3823} INFO - Setting next_dagrun for chicago_crimes_ingestion to 2026-05-14 00:00:00+00:00, run_after=2026-05-15 00:00:00+00:00
[2026-05-15T04:54:46.630+0000] {processor.py:183} INFO - Processing /opt/airflow/dags/chicago_crimes_dag.py took 0.283 seconds
[2026-05-15T05:10:16.756+0000] {processor.py:161} INFO - Started process (PID=396) to work on /opt/airflow/dags/chicago_crimes_dag.py
[2026-05-15T05:10:16.760+0000] {processor.py:830} INFO - Processing file /opt/airflow/dags/chicago_crimes_dag.py for tasks to queue
[2026-05-15T05:10:16.761+0000] {logging_mixin.py:188} INFO - [2026-05-15T05:10:16.761+0000] {dagbag.py:538} INFO - Filling up the DagBag from /opt/airflow/dags/chicago_crimes_dag.py
[2026-05-15T05:10:16.935+0000] {processor.py:840} INFO - DAG(s) 'chicago_crimes_ingestion' retrieved from /opt/airflow/dags/chicago_crimes_dag.py
[2026-05-15T05:10:16.951+0000] {logging_mixin.py:188} INFO - [2026-05-15T05:10:16.951+0000] {dag.py:3036} INFO - Sync 1 DAGs
[2026-05-15T05:10:16.962+0000] {logging_mixin.py:188} INFO - [2026-05-15T05:10:16.962+0000] {dag.py:3823} INFO - Setting next_dagrun for chicago_crimes_ingestion to 2026-05-14 00:00:00+00:00, run_after=2026-05-15 00:00:00+00:00
[2026-05-15T05:10:16.969+0000] {processor.py:183} INFO - Processing /opt/airflow/dags/chicago_crimes_dag.py took 0.219 seconds
[2026-05-15T05:31:57.098+0000] {processor.py:161} INFO - Started process (PID=402) to work on /opt/airflow/dags/chicago_crimes_dag.py
[2026-05-15T05:31:57.099+0000] {processor.py:830} INFO - Processing file /opt/airflow/dags/chicago_crimes_dag.py for tasks to queue
[2026-05-15T05:31:57.101+0000] {logging_mixin.py:188} INFO - [2026-05-15T05:31:57.100+0000] {dagbag.py:538} INFO - Filling up the DagBag from /opt/airflow/dags/chicago_crimes_dag.py
[2026-05-15T05:31:57.297+0000] {processor.py:840} INFO - DAG(s) 'chicago_crimes_ingestion' retrieved from /opt/airflow/dags/chicago_crimes_dag.py
[2026-05-15T05:31:57.328+0000] {logging_mixin.py:188} INFO - [2026-05-15T05:31:57.327+0000] {dag.py:3036} INFO - Sync 1 DAGs
[2026-05-15T05:31:57.351+0000] {logging_mixin.py:188} INFO - [2026-05-15T05:31:57.351+0000] {dag.py:3823} INFO - Setting next_dagrun for chicago_crimes_ingestion to 2026-05-14 00:00:00+00:00, run_after=2026-05-15 00:00:00+00:00
[2026-05-15T05:31:57.368+0000] {processor.py:183} INFO - Processing /opt/airflow/dags/chicago_crimes_dag.py took 0.276 seconds
[2026-05-15T05:37:31.209+0000] {processor.py:161} INFO - Started process (PID=408) to work on /opt/airflow/dags/chicago_crimes_dag.py
[2026-05-15T05:37:31.210+0000] {processor.py:830} INFO - Processing file /opt/airflow/dags/chicago_crimes_dag.py for tasks to queue
[2026-05-15T05:37:31.211+0000] {logging_mixin.py:188} INFO - [2026-05-15T05:37:31.211+0000] {dagbag.py:538} INFO - Filling up the DagBag from /opt/airflow/dags/chicago_crimes_dag.py
[2026-05-15T05:37:31.380+0000] {processor.py:840} INFO - DAG(s) 'chicago_crimes_ingestion' retrieved from /opt/airflow/dags/chicago_crimes_dag.py
[2026-05-15T05:37:31.397+0000] {logging_mixin.py:188} INFO - [2026-05-15T05:37:31.397+0000] {dag.py:3036} INFO - Sync 1 DAGs
[2026-05-15T05:37:31.408+0000] {logging_mixin.py:188} INFO - [2026-05-15T05:37:31.408+0000] {dag.py:3823} INFO - Setting next_dagrun for chicago_crimes_ingestion to 2026-05-14 00:00:00+00:00, run_after=2026-05-15 00:00:00+00:00
[2026-05-15T05:37:31.415+0000] {processor.py:183} INFO - Processing /opt/airflow/dags/chicago_crimes_dag.py took 0.210 seconds
[2026-05-15T05:38:01.672+0000] {processor.py:161} INFO - Started process (PID=414) to work on /opt/airflow/dags/chicago_crimes_dag.py
[2026-05-15T05:38:01.674+0000] {processor.py:830} INFO - Processing file /opt/airflow/dags/chicago_crimes_dag.py for tasks to queue
[2026-05-15T05:38:01.675+0000] {logging_mixin.py:188} INFO - [2026-05-15T05:38:01.675+0000] {dagbag.py:538} INFO - Filling up the DagBag from /opt/airflow/dags/chicago_crimes_dag.py
[2026-05-15T05:38:01.849+0000] {processor.py:840} INFO - DAG(s) 'chicago_crimes_ingestion' retrieved from /opt/airflow/dags/chicago_crimes_dag.py
[2026-05-15T05:38:01.868+0000] {logging_mixin.py:188} INFO - [2026-05-15T05:38:01.868+0000] {dag.py:3036} INFO - Sync 1 DAGs
[2026-05-15T05:38:01.880+0000] {logging_mixin.py:188} INFO - [2026-05-15T05:38:01.879+0000] {dag.py:3823} INFO - Setting next_dagrun for chicago_crimes_ingestion to 2026-05-14 00:00:00+00:00, run_after=2026-05-15 00:00:00+00:00
[2026-05-15T05:38:01.890+0000] {processor.py:183} INFO - Processing /opt/airflow/dags/chicago_crimes_dag.py took 0.228 seconds
[2026-05-15T05:38:32.216+0000] {processor.py:161} INFO - Started process (PID=420) to work on /opt/airflow/dags/chicago_crimes_dag.py
[2026-05-15T05:38:32.218+0000] {processor.py:830} INFO - Processing file /opt/airflow/dags/chicago_crimes_dag.py for tasks to queue
[2026-05-15T05:38:32.219+0000] {logging_mixin.py:188} INFO - [2026-05-15T05:38:32.218+0000] {dagbag.py:538} INFO - Filling up the DagBag from /opt/airflow/dags/chicago_crimes_dag.py
[2026-05-15T05:38:32.344+0000] {processor.py:840} INFO - DAG(s) 'chicago_crimes_ingestion' retrieved from /opt/airflow/dags/chicago_crimes_dag.py
[2026-05-15T05:38:32.354+0000] {logging_mixin.py:188} INFO - [2026-05-15T05:38:32.354+0000] {dag.py:3036} INFO - Sync 1 DAGs
[2026-05-15T05:38:32.362+0000] {logging_mixin.py:188} INFO - [2026-05-15T05:38:32.362+0000] {dag.py:3823} INFO - Setting next_dagrun for chicago_crimes_ingestion to 2026-05-14 00:00:00+00:00, run_after=2026-05-15 00:00:00+00:00
[2026-05-15T05:38:32.368+0000] {processor.py:183} INFO - Processing /opt/airflow/dags/chicago_crimes_dag.py took 0.156 seconds
[2026-05-15T05:39:02.644+0000] {processor.py:161} INFO - Started process (PID=426) to work on /opt/airflow/dags/chicago_crimes_dag.py
[2026-05-15T05:39:02.646+0000] {processor.py:830} INFO - Processing file /opt/airflow/dags/chicago_crimes_dag.py for tasks to queue
[2026-05-15T05:39:02.647+0000] {logging_mixin.py:188} INFO - [2026-05-15T05:39:02.646+0000] {dagbag.py:538} INFO - Filling up the DagBag from /opt/airflow/dags/chicago_crimes_dag.py
[2026-05-15T05:39:02.801+0000] {processor.py:840} INFO - DAG(s) 'chicago_crimes_ingestion' retrieved from /opt/airflow/dags/chicago_crimes_dag.py
[2026-05-15T05:39:02.816+0000] {logging_mixin.py:188} INFO - [2026-05-15T05:39:02.815+0000] {dag.py:3036} INFO - Sync 1 DAGs
[2026-05-15T05:39:02.827+0000] {logging_mixin.py:188} INFO - [2026-05-15T05:39:02.827+0000] {dag.py:3823} INFO - Setting next_dagrun for chicago_crimes_ingestion to 2026-05-14 00:00:00+00:00, run_after=2026-05-15 00:00:00+00:00
[2026-05-15T05:39:02.835+0000] {processor.py:183} INFO - Processing /opt/airflow/dags/chicago_crimes_dag.py took 0.198 seconds
[2026-05-15T05:54:32.996+0000] {processor.py:161} INFO - Started process (PID=432) to work on /opt/airflow/dags/chicago_crimes_dag.py
[2026-05-15T05:54:32.997+0000] {processor.py:830} INFO - Processing file /opt/airflow/dags/chicago_crimes_dag.py for tasks to queue
[2026-05-15T05:54:32.998+0000] {logging_mixin.py:188} INFO - [2026-05-15T05:54:32.998+0000] {dagbag.py:538} INFO - Filling up the DagBag from /opt/airflow/dags/chicago_crimes_dag.py
[2026-05-15T05:54:33.140+0000] {processor.py:840} INFO - DAG(s) 'chicago_crimes_ingestion' retrieved from /opt/airflow/dags/chicago_crimes_dag.py
[2026-05-15T05:54:33.153+0000] {logging_mixin.py:188} INFO - [2026-05-15T05:54:33.153+0000] {dag.py:3036} INFO - Sync 1 DAGs
[2026-05-15T05:54:33.165+0000] {logging_mixin.py:188} INFO - [2026-05-15T05:54:33.165+0000] {dag.py:3823} INFO - Setting next_dagrun for chicago_crimes_ingestion to 2026-05-14 00:00:00+00:00, run_after=2026-05-15 00:00:00+00:00
[2026-05-15T05:54:33.173+0000] {processor.py:183} INFO - Processing /opt/airflow/dags/chicago_crimes_dag.py took 0.182 seconds
[2026-05-15T06:59:41.430+0000] {processor.py:161} INFO - Started process (PID=438) to work on /opt/airflow/dags/chicago_crimes_dag.py
[2026-05-15T06:59:41.431+0000] {processor.py:830} INFO - Processing file /opt/airflow/dags/chicago_crimes_dag.py for tasks to queue
[2026-05-15T06:59:41.432+0000] {logging_mixin.py:188} INFO - [2026-05-15T06:59:41.431+0000] {dagbag.py:538} INFO - Filling up the DagBag from /opt/airflow/dags/chicago_crimes_dag.py
[2026-05-15T06:59:41.683+0000] {processor.py:840} INFO - DAG(s) 'chicago_crimes_ingestion' retrieved from /opt/airflow/dags/chicago_crimes_dag.py
[2026-05-15T06:59:41.713+0000] {logging_mixin.py:188} INFO - [2026-05-15T06:59:41.713+0000] {dag.py:3036} INFO - Sync 1 DAGs
[2026-05-15T06:59:41.737+0000] {logging_mixin.py:188} INFO - [2026-05-15T06:59:41.736+0000] {dag.py:3823} INFO - Setting next_dagrun for chicago_crimes_ingestion to 2026-05-14 00:00:00+00:00, run_after=2026-05-15 00:00:00+00:00
[2026-05-15T06:59:41.763+0000] {processor.py:183} INFO - Processing /opt/airflow/dags/chicago_crimes_dag.py took 0.338 seconds
[2026-05-15T07:59:18.834+0000] {processor.py:161} INFO - Started process (PID=446) to work on /opt/airflow/dags/chicago_crimes_dag.py
[2026-05-15T07:59:18.837+0000] {processor.py:830} INFO - Processing file /opt/airflow/dags/chicago_crimes_dag.py for tasks to queue
[2026-05-15T07:59:18.838+0000] {logging_mixin.py:188} INFO - [2026-05-15T07:59:18.838+0000] {dagbag.py:538} INFO - Filling up the DagBag from /opt/airflow/dags/chicago_crimes_dag.py
[2026-05-15T07:59:19.021+0000] {processor.py:840} INFO - DAG(s) 'chicago_crimes_ingestion' retrieved from /opt/airflow/dags/chicago_crimes_dag.py
[2026-05-15T07:59:19.033+0000] {logging_mixin.py:188} INFO - [2026-05-15T07:59:19.033+0000] {dag.py:3036} INFO - Sync 1 DAGs
[2026-05-15T07:59:19.043+0000] {logging_mixin.py:188} INFO - [2026-05-15T07:59:19.042+0000] {dag.py:3823} INFO - Setting next_dagrun for chicago_crimes_ingestion to 2026-05-14 00:00:00+00:00, run_after=2026-05-15 00:00:00+00:00
[2026-05-15T07:59:20.168+0000] {processor.py:183} INFO - Processing /opt/airflow/dags/chicago_crimes_dag.py took 1.337 seconds
[2026-05-15T09:05:13.692+0000] {processor.py:161} INFO - Started process (PID=452) to work on /opt/airflow/dags/chicago_crimes_dag.py
[2026-05-15T09:05:13.694+0000] {processor.py:830} INFO - Processing file /opt/airflow/dags/chicago_crimes_dag.py for tasks to queue
[2026-05-15T09:05:13.695+0000] {logging_mixin.py:188} INFO - [2026-05-15T09:05:13.695+0000] {dagbag.py:538} INFO - Filling up the DagBag from /opt/airflow/dags/chicago_crimes_dag.py
[2026-05-15T09:05:13.951+0000] {processor.py:840} INFO - DAG(s) 'chicago_crimes_ingestion' retrieved from /opt/airflow/dags/chicago_crimes_dag.py
[2026-05-15T09:05:13.965+0000] {logging_mixin.py:188} INFO - [2026-05-15T09:05:13.965+0000] {dag.py:3036} INFO - Sync 1 DAGs
[2026-05-15T09:05:13.975+0000] {logging_mixin.py:188} INFO - [2026-05-15T09:05:13.975+0000] {dag.py:3823} INFO - Setting next_dagrun for chicago_crimes_ingestion to 2026-05-14 00:00:00+00:00, run_after=2026-05-15 00:00:00+00:00
[2026-05-15T09:05:13.983+0000] {processor.py:183} INFO - Processing /opt/airflow/dags/chicago_crimes_dag.py took 0.302 seconds
[2026-05-15T10:26:52.569+0000] {processor.py:161} INFO - Started process (PID=458) to work on /opt/airflow/dags/chicago_crimes_dag.py
[2026-05-15T10:26:52.570+0000] {processor.py:830} INFO - Processing file /opt/airflow/dags/chicago_crimes_dag.py for tasks to queue
[2026-05-15T10:26:52.572+0000] {logging_mixin.py:188} INFO - [2026-05-15T10:26:52.571+0000] {dagbag.py:538} INFO - Filling up the DagBag from /opt/airflow/dags/chicago_crimes_dag.py
[2026-05-15T10:26:52.800+0000] {processor.py:840} INFO - DAG(s) 'chicago_crimes_ingestion' retrieved from /opt/airflow/dags/chicago_crimes_dag.py
[2026-05-15T10:26:52.830+0000] {logging_mixin.py:188} INFO - [2026-05-15T10:26:52.829+0000] {dag.py:3036} INFO - Sync 1 DAGs
[2026-05-15T10:26:52.854+0000] {logging_mixin.py:188} INFO - [2026-05-15T10:26:52.853+0000] {dag.py:3823} INFO - Setting next_dagrun for chicago_crimes_ingestion to 2026-05-14 00:00:00+00:00, run_after=2026-05-15 00:00:00+00:00
[2026-05-15T10:26:52.877+0000] {processor.py:183} INFO - Processing /opt/airflow/dags/chicago_crimes_dag.py took 0.312 seconds
[2026-05-15T11:19:04.425+0000] {processor.py:161} INFO - Started process (PID=464) to work on /opt/airflow/dags/chicago_crimes_dag.py
[2026-05-15T11:19:04.427+0000] {processor.py:830} INFO - Processing file /opt/airflow/dags/chicago_crimes_dag.py for tasks to queue
[2026-05-15T11:19:04.428+0000] {logging_mixin.py:188} INFO - [2026-05-15T11:19:04.428+0000] {dagbag.py:538} INFO - Filling up the DagBag from /opt/airflow/dags/chicago_crimes_dag.py
[2026-05-15T11:19:04.612+0000] {processor.py:840} INFO - DAG(s) 'chicago_crimes_ingestion' retrieved from /opt/airflow/dags/chicago_crimes_dag.py
[2026-05-15T11:19:04.629+0000] {logging_mixin.py:188} INFO - [2026-05-15T11:19:04.628+0000] {dag.py:3036} INFO - Sync 1 DAGs
[2026-05-15T11:19:04.639+0000] {logging_mixin.py:188} INFO - [2026-05-15T11:19:04.639+0000] {dag.py:3823} INFO - Setting next_dagrun for chicago_crimes_ingestion to 2026-05-14 00:00:00+00:00, run_after=2026-05-15 00:00:00+00:00
[2026-05-15T11:19:04.646+0000] {processor.py:183} INFO - Processing /opt/airflow/dags/chicago_crimes_dag.py took 0.230 seconds
[2026-05-15T11:32:26.808+0000] {processor.py:161} INFO - Started process (PID=472) to work on /opt/airflow/dags/chicago_crimes_dag.py
[2026-05-15T11:32:26.811+0000] {processor.py:830} INFO - Processing file /opt/airflow/dags/chicago_crimes_dag.py for tasks to queue
[2026-05-15T11:32:26.813+0000] {logging_mixin.py:188} INFO - [2026-05-15T11:32:26.813+0000] {dagbag.py:538} INFO - Filling up the DagBag from /opt/airflow/dags/chicago_crimes_dag.py
[2026-05-15T11:32:27.189+0000] {processor.py:840} INFO - DAG(s) 'chicago_crimes_ingestion' retrieved from /opt/airflow/dags/chicago_crimes_dag.py
[2026-05-15T11:32:27.286+0000] {logging_mixin.py:188} INFO - [2026-05-15T11:32:27.285+0000] {dag.py:3036} INFO - Sync 1 DAGs
[2026-05-15T11:32:27.335+0000] {logging_mixin.py:188} INFO - [2026-05-15T11:32:27.335+0000] {dag.py:3823} INFO - Setting next_dagrun for chicago_crimes_ingestion to 2026-05-14 00:00:00+00:00, run_after=2026-05-15 00:00:00+00:00
[2026-05-15T11:32:27.377+0000] {processor.py:183} INFO - Processing /opt/airflow/dags/chicago_crimes_dag.py took 0.578 seconds
[2026-05-15T12:35:55.906+0000] {processor.py:161} INFO - Started process (PID=478) to work on /opt/airflow/dags/chicago_crimes_dag.py
[2026-05-15T12:35:55.908+0000] {processor.py:830} INFO - Processing file /opt/airflow/dags/chicago_crimes_dag.py for tasks to queue
[2026-05-15T12:35:55.911+0000] {logging_mixin.py:188} INFO - [2026-05-15T12:35:55.909+0000] {dagbag.py:538} INFO - Filling up the DagBag from /opt/airflow/dags/chicago_crimes_dag.py
[2026-05-15T12:35:56.098+0000] {processor.py:840} INFO - DAG(s) 'chicago_crimes_ingestion' retrieved from /opt/airflow/dags/chicago_crimes_dag.py
[2026-05-15T12:35:56.113+0000] {logging_mixin.py:188} INFO - [2026-05-15T12:35:56.112+0000] {dag.py:3036} INFO - Sync 1 DAGs
[2026-05-15T12:35:56.122+0000] {logging_mixin.py:188} INFO - [2026-05-15T12:35:56.122+0000] {dag.py:3823} INFO - Setting next_dagrun for chicago_crimes_ingestion to 2026-05-14 00:00:00+00:00, run_after=2026-05-15 00:00:00+00:00
[2026-05-15T12:35:56.129+0000] {processor.py:183} INFO - Processing /opt/airflow/dags/chicago_crimes_dag.py took 0.228 seconds
[2026-05-15T13:25:38.905+0000] {processor.py:161} INFO - Started process (PID=484) to work on /opt/airflow/dags/chicago_crimes_dag.py
[2026-05-15T13:25:38.906+0000] {processor.py:830} INFO - Processing file /opt/airflow/dags/chicago_crimes_dag.py for tasks to queue
[2026-05-15T13:25:38.907+0000] {logging_mixin.py:188} INFO - [2026-05-15T13:25:38.907+0000] {dagbag.py:538} INFO - Filling up the DagBag from /opt/airflow/dags/chicago_crimes_dag.py
[2026-05-15T13:25:39.110+0000] {processor.py:840} INFO - DAG(s) 'chicago_crimes_ingestion' retrieved from /opt/airflow/dags/chicago_crimes_dag.py
[2026-05-15T13:25:39.141+0000] {logging_mixin.py:188} INFO - [2026-05-15T13:25:39.140+0000] {dag.py:3036} INFO - Sync 1 DAGs
[2026-05-15T13:25:39.170+0000] {logging_mixin.py:188} INFO - [2026-05-15T13:25:39.170+0000] {dag.py:3823} INFO - Setting next_dagrun for chicago_crimes_ingestion to 2026-05-14 00:00:00+00:00, run_after=2026-05-15 00:00:00+00:00
[2026-05-15T13:25:39.189+0000] {processor.py:183} INFO - Processing /opt/airflow/dags/chicago_crimes_dag.py took 0.292 seconds
[2026-05-15T13:26:09.380+0000] {processor.py:161} INFO - Started process (PID=490) to work on /opt/airflow/dags/chicago_crimes_dag.py
[2026-05-15T13:26:09.381+0000] {processor.py:830} INFO - Processing file /opt/airflow/dags/chicago_crimes_dag.py for tasks to queue
[2026-05-15T13:26:09.383+0000] {logging_mixin.py:188} INFO - [2026-05-15T13:26:09.382+0000] {dagbag.py:538} INFO - Filling up the DagBag from /opt/airflow/dags/chicago_crimes_dag.py
[2026-05-15T13:26:09.544+0000] {processor.py:840} INFO - DAG(s) 'chicago_crimes_ingestion' retrieved from /opt/airflow/dags/chicago_crimes_dag.py
[2026-05-15T13:26:09.560+0000] {logging_mixin.py:188} INFO - [2026-05-15T13:26:09.559+0000] {dag.py:3036} INFO - Sync 1 DAGs
[2026-05-15T13:26:09.574+0000] {logging_mixin.py:188} INFO - [2026-05-15T13:26:09.574+0000] {dag.py:3823} INFO - Setting next_dagrun for chicago_crimes_ingestion to 2026-05-14 00:00:00+00:00, run_after=2026-05-15 00:00:00+00:00
[2026-05-15T13:26:09.581+0000] {processor.py:183} INFO - Processing /opt/airflow/dags/chicago_crimes_dag.py took 0.206 seconds
[2026-05-15T13:26:39.858+0000] {processor.py:161} INFO - Started process (PID=496) to work on /opt/airflow/dags/chicago_crimes_dag.py
[2026-05-15T13:26:39.859+0000] {processor.py:830} INFO - Processing file /opt/airflow/dags/chicago_crimes_dag.py for tasks to queue
[2026-05-15T13:26:39.860+0000] {logging_mixin.py:188} INFO - [2026-05-15T13:26:39.860+0000] {dagbag.py:538} INFO - Filling up the DagBag from /opt/airflow/dags/chicago_crimes_dag.py
[2026-05-15T13:26:39.983+0000] {processor.py:840} INFO - DAG(s) 'chicago_crimes_ingestion' retrieved from /opt/airflow/dags/chicago_crimes_dag.py
[2026-05-15T13:26:39.993+0000] {logging_mixin.py:188} INFO - [2026-05-15T13:26:39.993+0000] {dag.py:3036} INFO - Sync 1 DAGs
[2026-05-15T13:26:40.001+0000] {logging_mixin.py:188} INFO - [2026-05-15T13:26:40.001+0000] {dag.py:3823} INFO - Setting next_dagrun for chicago_crimes_ingestion to 2026-05-14 00:00:00+00:00, run_after=2026-05-15 00:00:00+00:00
[2026-05-15T13:26:40.007+0000] {processor.py:183} INFO - Processing /opt/airflow/dags/chicago_crimes_dag.py took 0.155 seconds
[2026-05-15T13:27:10.369+0000] {processor.py:161} INFO - Started process (PID=502) to work on /opt/airflow/dags/chicago_crimes_dag.py
[2026-05-15T13:27:10.370+0000] {processor.py:830} INFO - Processing file /opt/airflow/dags/chicago_crimes_dag.py for tasks to queue
[2026-05-15T13:27:10.372+0000] {logging_mixin.py:188} INFO - [2026-05-15T13:27:10.371+0000] {dagbag.py:538} INFO - Filling up the DagBag from /opt/airflow/dags/chicago_crimes_dag.py
[2026-05-15T13:27:10.516+0000] {processor.py:840} INFO - DAG(s) 'chicago_crimes_ingestion' retrieved from /opt/airflow/dags/chicago_crimes_dag.py
[2026-05-15T13:27:10.528+0000] {logging_mixin.py:188} INFO - [2026-05-15T13:27:10.528+0000] {dag.py:3036} INFO - Sync 1 DAGs
[2026-05-15T13:27:10.537+0000] {logging_mixin.py:188} INFO - [2026-05-15T13:27:10.537+0000] {dag.py:3823} INFO - Setting next_dagrun for chicago_crimes_ingestion to 2026-05-14 00:00:00+00:00, run_after=2026-05-15 00:00:00+00:00
[2026-05-15T13:27:10.543+0000] {processor.py:183} INFO - Processing /opt/airflow/dags/chicago_crimes_dag.py took 0.186 seconds
[2026-05-15T13:33:43.885+0000] {processor.py:161} INFO - Started process (PID=508) to work on /opt/airflow/dags/chicago_crimes_dag.py
[2026-05-15T13:33:43.887+0000] {processor.py:830} INFO - Processing file /opt/airflow/dags/chicago_crimes_dag.py for tasks to queue
[2026-05-15T13:33:43.891+0000] {logging_mixin.py:188} INFO - [2026-05-15T13:33:43.888+0000] {dagbag.py:538} INFO - Filling up the DagBag from /opt/airflow/dags/chicago_crimes_dag.py
[2026-05-15T13:33:44.186+0000] {processor.py:840} INFO - DAG(s) 'chicago_crimes_ingestion' retrieved from /opt/airflow/dags/chicago_crimes_dag.py
[2026-05-15T13:33:44.227+0000] {logging_mixin.py:188} INFO - [2026-05-15T13:33:44.226+0000] {dag.py:3036} INFO - Sync 1 DAGs
[2026-05-15T13:33:44.250+0000] {logging_mixin.py:188} INFO - [2026-05-15T13:33:44.250+0000] {dag.py:3823} INFO - Setting next_dagrun for chicago_crimes_ingestion to 2026-05-14 00:00:00+00:00, run_after=2026-05-15 00:00:00+00:00
[2026-05-15T13:33:44.269+0000] {processor.py:183} INFO - Processing /opt/airflow/dags/chicago_crimes_dag.py took 0.396 seconds
[2026-05-15T13:49:13.296+0000] {processor.py:161} INFO - Started process (PID=515) to work on /opt/airflow/dags/chicago_crimes_dag.py
[2026-05-15T13:49:13.297+0000] {processor.py:830} INFO - Processing file /opt/airflow/dags/chicago_crimes_dag.py for tasks to queue
[2026-05-15T13:49:13.298+0000] {logging_mixin.py:188} INFO - [2026-05-15T13:49:13.298+0000] {dagbag.py:538} INFO - Filling up the DagBag from /opt/airflow/dags/chicago_crimes_dag.py
[2026-05-15T13:49:13.466+0000] {processor.py:840} INFO - DAG(s) 'chicago_crimes_ingestion' retrieved from /opt/airflow/dags/chicago_crimes_dag.py
[2026-05-15T13:49:13.479+0000] {logging_mixin.py:188} INFO - [2026-05-15T13:49:13.479+0000] {dag.py:3036} INFO - Sync 1 DAGs
[2026-05-15T13:49:13.489+0000] {logging_mixin.py:188} INFO - [2026-05-15T13:49:13.489+0000] {dag.py:3823} INFO - Setting next_dagrun for chicago_crimes_ingestion to 2026-05-14 00:00:00+00:00, run_after=2026-05-15 00:00:00+00:00
[2026-05-15T13:49:13.496+0000] {processor.py:183} INFO - Processing /opt/airflow/dags/chicago_crimes_dag.py took 0.204 seconds
