[2026-05-18T17:33:33.498+0000] {processor.py:161} INFO - Started process (PID=527) to work on /opt/airflow/dags/chicago_crimes_dag.py
[2026-05-18T17:33:33.566+0000] {processor.py:830} INFO - Processing file /opt/airflow/dags/chicago_crimes_dag.py for tasks to queue
[2026-05-18T17:33:33.699+0000] {logging_mixin.py:188} INFO - [2026-05-18T17:33:33.635+0000] {dagbag.py:538} INFO - Filling up the DagBag from /opt/airflow/dags/chicago_crimes_dag.py
[2026-05-18T17:33:42.015+0000] {processor.py:840} INFO - DAG(s) 'chicago_crimes_ingestion' retrieved from /opt/airflow/dags/chicago_crimes_dag.py
[2026-05-18T17:33:46.471+0000] {logging_mixin.py:188} INFO - [2026-05-18T17:33:46.469+0000] {dag.py:3036} INFO - Sync 1 DAGs
[2026-05-18T17:33:46.523+0000] {logging_mixin.py:188} INFO - [2026-05-18T17:33:46.523+0000] {dag.py:3823} INFO - Setting next_dagrun for chicago_crimes_ingestion to 2026-05-17 00:00:00+00:00, run_after=2026-05-18 00:00:00+00:00
[2026-05-18T17:33:46.570+0000] {processor.py:183} INFO - Processing /opt/airflow/dags/chicago_crimes_dag.py took 13.785 seconds
[2026-05-18T17:34:16.916+0000] {processor.py:161} INFO - Started process (PID=533) to work on /opt/airflow/dags/chicago_crimes_dag.py
[2026-05-18T17:34:16.943+0000] {processor.py:830} INFO - Processing file /opt/airflow/dags/chicago_crimes_dag.py for tasks to queue
[2026-05-18T17:34:16.951+0000] {logging_mixin.py:188} INFO - [2026-05-18T17:34:16.946+0000] {dagbag.py:538} INFO - Filling up the DagBag from /opt/airflow/dags/chicago_crimes_dag.py
[2026-05-18T17:34:18.740+0000] {processor.py:840} INFO - DAG(s) 'chicago_crimes_ingestion' retrieved from /opt/airflow/dags/chicago_crimes_dag.py
[2026-05-18T17:34:18.929+0000] {logging_mixin.py:188} INFO - [2026-05-18T17:34:18.927+0000] {dag.py:3036} INFO - Sync 1 DAGs
[2026-05-18T17:34:19.009+0000] {logging_mixin.py:188} INFO - [2026-05-18T17:34:19.009+0000] {dag.py:3823} INFO - Setting next_dagrun for chicago_crimes_ingestion to 2026-05-17 00:00:00+00:00, run_after=2026-05-18 00:00:00+00:00
[2026-05-18T17:34:19.237+0000] {processor.py:183} INFO - Processing /opt/airflow/dags/chicago_crimes_dag.py took 2.329 seconds
[2026-05-18T17:34:49.367+0000] {processor.py:161} INFO - Started process (PID=539) to work on /opt/airflow/dags/chicago_crimes_dag.py
[2026-05-18T17:34:49.369+0000] {processor.py:830} INFO - Processing file /opt/airflow/dags/chicago_crimes_dag.py for tasks to queue
[2026-05-18T17:34:49.370+0000] {logging_mixin.py:188} INFO - [2026-05-18T17:34:49.370+0000] {dagbag.py:538} INFO - Filling up the DagBag from /opt/airflow/dags/chicago_crimes_dag.py
[2026-05-18T17:34:49.570+0000] {processor.py:840} INFO - DAG(s) 'chicago_crimes_ingestion' retrieved from /opt/airflow/dags/chicago_crimes_dag.py
[2026-05-18T17:34:49.587+0000] {logging_mixin.py:188} INFO - [2026-05-18T17:34:49.587+0000] {dag.py:3036} INFO - Sync 1 DAGs
[2026-05-18T17:34:49.597+0000] {logging_mixin.py:188} INFO - [2026-05-18T17:34:49.597+0000] {dag.py:3823} INFO - Setting next_dagrun for chicago_crimes_ingestion to 2026-05-17 00:00:00+00:00, run_after=2026-05-18 00:00:00+00:00
[2026-05-18T17:34:49.605+0000] {processor.py:183} INFO - Processing /opt/airflow/dags/chicago_crimes_dag.py took 0.247 seconds
[2026-05-18T17:35:19.716+0000] {processor.py:161} INFO - Started process (PID=545) to work on /opt/airflow/dags/chicago_crimes_dag.py
[2026-05-18T17:35:19.719+0000] {processor.py:830} INFO - Processing file /opt/airflow/dags/chicago_crimes_dag.py for tasks to queue
[2026-05-18T17:35:19.722+0000] {logging_mixin.py:188} INFO - [2026-05-18T17:35:19.721+0000] {dagbag.py:538} INFO - Filling up the DagBag from /opt/airflow/dags/chicago_crimes_dag.py
[2026-05-18T17:35:19.896+0000] {processor.py:840} INFO - DAG(s) 'chicago_crimes_ingestion' retrieved from /opt/airflow/dags/chicago_crimes_dag.py
[2026-05-18T17:35:19.915+0000] {logging_mixin.py:188} INFO - [2026-05-18T17:35:19.915+0000] {dag.py:3036} INFO - Sync 1 DAGs
[2026-05-18T17:35:19.925+0000] {logging_mixin.py:188} INFO - [2026-05-18T17:35:19.925+0000] {dag.py:3823} INFO - Setting next_dagrun for chicago_crimes_ingestion to 2026-05-17 00:00:00+00:00, run_after=2026-05-18 00:00:00+00:00
[2026-05-18T17:35:20.118+0000] {processor.py:183} INFO - Processing /opt/airflow/dags/chicago_crimes_dag.py took 0.409 seconds
[2026-05-18T17:35:50.352+0000] {processor.py:161} INFO - Started process (PID=551) to work on /opt/airflow/dags/chicago_crimes_dag.py
[2026-05-18T17:35:50.354+0000] {processor.py:830} INFO - Processing file /opt/airflow/dags/chicago_crimes_dag.py for tasks to queue
[2026-05-18T17:35:50.355+0000] {logging_mixin.py:188} INFO - [2026-05-18T17:35:50.354+0000] {dagbag.py:538} INFO - Filling up the DagBag from /opt/airflow/dags/chicago_crimes_dag.py
[2026-05-18T17:35:50.496+0000] {processor.py:840} INFO - DAG(s) 'chicago_crimes_ingestion' retrieved from /opt/airflow/dags/chicago_crimes_dag.py
[2026-05-18T17:35:50.515+0000] {logging_mixin.py:188} INFO - [2026-05-18T17:35:50.515+0000] {dag.py:3036} INFO - Sync 1 DAGs
[2026-05-18T17:35:50.524+0000] {logging_mixin.py:188} INFO - [2026-05-18T17:35:50.524+0000] {dag.py:3823} INFO - Setting next_dagrun for chicago_crimes_ingestion to 2026-05-17 00:00:00+00:00, run_after=2026-05-18 00:00:00+00:00
[2026-05-18T17:35:50.531+0000] {processor.py:183} INFO - Processing /opt/airflow/dags/chicago_crimes_dag.py took 0.186 seconds
[2026-05-18T17:36:20.794+0000] {processor.py:161} INFO - Started process (PID=557) to work on /opt/airflow/dags/chicago_crimes_dag.py
[2026-05-18T17:36:20.796+0000] {processor.py:830} INFO - Processing file /opt/airflow/dags/chicago_crimes_dag.py for tasks to queue
[2026-05-18T17:36:20.797+0000] {logging_mixin.py:188} INFO - [2026-05-18T17:36:20.797+0000] {dagbag.py:538} INFO - Filling up the DagBag from /opt/airflow/dags/chicago_crimes_dag.py
[2026-05-18T17:36:20.930+0000] {processor.py:840} INFO - DAG(s) 'chicago_crimes_ingestion' retrieved from /opt/airflow/dags/chicago_crimes_dag.py
[2026-05-18T17:36:20.941+0000] {logging_mixin.py:188} INFO - [2026-05-18T17:36:20.941+0000] {dag.py:3036} INFO - Sync 1 DAGs
[2026-05-18T17:36:20.951+0000] {logging_mixin.py:188} INFO - [2026-05-18T17:36:20.951+0000] {dag.py:3823} INFO - Setting next_dagrun for chicago_crimes_ingestion to 2026-05-17 00:00:00+00:00, run_after=2026-05-18 00:00:00+00:00
[2026-05-18T17:36:20.958+0000] {processor.py:183} INFO - Processing /opt/airflow/dags/chicago_crimes_dag.py took 0.170 seconds
[2026-05-18T17:36:51.261+0000] {processor.py:161} INFO - Started process (PID=563) to work on /opt/airflow/dags/chicago_crimes_dag.py
[2026-05-18T17:36:51.262+0000] {processor.py:830} INFO - Processing file /opt/airflow/dags/chicago_crimes_dag.py for tasks to queue
[2026-05-18T17:36:51.264+0000] {logging_mixin.py:188} INFO - [2026-05-18T17:36:51.263+0000] {dagbag.py:538} INFO - Filling up the DagBag from /opt/airflow/dags/chicago_crimes_dag.py
[2026-05-18T17:36:51.413+0000] {processor.py:840} INFO - DAG(s) 'chicago_crimes_ingestion' retrieved from /opt/airflow/dags/chicago_crimes_dag.py
[2026-05-18T17:36:51.426+0000] {logging_mixin.py:188} INFO - [2026-05-18T17:36:51.426+0000] {dag.py:3036} INFO - Sync 1 DAGs
[2026-05-18T17:36:51.436+0000] {logging_mixin.py:188} INFO - [2026-05-18T17:36:51.435+0000] {dag.py:3823} INFO - Setting next_dagrun for chicago_crimes_ingestion to 2026-05-17 00:00:00+00:00, run_after=2026-05-18 00:00:00+00:00
[2026-05-18T17:36:51.442+0000] {processor.py:183} INFO - Processing /opt/airflow/dags/chicago_crimes_dag.py took 0.188 seconds
[2026-05-18T17:37:21.635+0000] {processor.py:161} INFO - Started process (PID=569) to work on /opt/airflow/dags/chicago_crimes_dag.py
[2026-05-18T17:37:21.637+0000] {processor.py:830} INFO - Processing file /opt/airflow/dags/chicago_crimes_dag.py for tasks to queue
[2026-05-18T17:37:21.638+0000] {logging_mixin.py:188} INFO - [2026-05-18T17:37:21.638+0000] {dagbag.py:538} INFO - Filling up the DagBag from /opt/airflow/dags/chicago_crimes_dag.py
[2026-05-18T17:37:21.746+0000] {processor.py:840} INFO - DAG(s) 'chicago_crimes_ingestion' retrieved from /opt/airflow/dags/chicago_crimes_dag.py
[2026-05-18T17:37:21.755+0000] {logging_mixin.py:188} INFO - [2026-05-18T17:37:21.755+0000] {dag.py:3036} INFO - Sync 1 DAGs
[2026-05-18T17:37:21.765+0000] {logging_mixin.py:188} INFO - [2026-05-18T17:37:21.765+0000] {dag.py:3823} INFO - Setting next_dagrun for chicago_crimes_ingestion to 2026-05-17 00:00:00+00:00, run_after=2026-05-18 00:00:00+00:00
[2026-05-18T17:37:21.770+0000] {processor.py:183} INFO - Processing /opt/airflow/dags/chicago_crimes_dag.py took 0.140 seconds
[2026-05-18T17:37:52.209+0000] {processor.py:161} INFO - Started process (PID=575) to work on /opt/airflow/dags/chicago_crimes_dag.py
[2026-05-18T17:37:52.211+0000] {processor.py:830} INFO - Processing file /opt/airflow/dags/chicago_crimes_dag.py for tasks to queue
[2026-05-18T17:37:52.213+0000] {logging_mixin.py:188} INFO - [2026-05-18T17:37:52.212+0000] {dagbag.py:538} INFO - Filling up the DagBag from /opt/airflow/dags/chicago_crimes_dag.py
[2026-05-18T17:37:52.350+0000] {processor.py:840} INFO - DAG(s) 'chicago_crimes_ingestion' retrieved from /opt/airflow/dags/chicago_crimes_dag.py
[2026-05-18T17:37:52.361+0000] {logging_mixin.py:188} INFO - [2026-05-18T17:37:52.361+0000] {dag.py:3036} INFO - Sync 1 DAGs
[2026-05-18T17:37:52.370+0000] {logging_mixin.py:188} INFO - [2026-05-18T17:37:52.370+0000] {dag.py:3823} INFO - Setting next_dagrun for chicago_crimes_ingestion to 2026-05-17 00:00:00+00:00, run_after=2026-05-18 00:00:00+00:00
[2026-05-18T17:37:52.377+0000] {processor.py:183} INFO - Processing /opt/airflow/dags/chicago_crimes_dag.py took 0.171 seconds
[2026-05-18T17:38:22.575+0000] {processor.py:161} INFO - Started process (PID=581) to work on /opt/airflow/dags/chicago_crimes_dag.py
[2026-05-18T17:38:22.576+0000] {processor.py:830} INFO - Processing file /opt/airflow/dags/chicago_crimes_dag.py for tasks to queue
[2026-05-18T17:38:22.578+0000] {logging_mixin.py:188} INFO - [2026-05-18T17:38:22.577+0000] {dagbag.py:538} INFO - Filling up the DagBag from /opt/airflow/dags/chicago_crimes_dag.py
[2026-05-18T17:38:22.712+0000] {processor.py:840} INFO - DAG(s) 'chicago_crimes_ingestion' retrieved from /opt/airflow/dags/chicago_crimes_dag.py
[2026-05-18T17:38:22.723+0000] {logging_mixin.py:188} INFO - [2026-05-18T17:38:22.723+0000] {dag.py:3036} INFO - Sync 1 DAGs
[2026-05-18T17:38:22.731+0000] {logging_mixin.py:188} INFO - [2026-05-18T17:38:22.731+0000] {dag.py:3823} INFO - Setting next_dagrun for chicago_crimes_ingestion to 2026-05-17 00:00:00+00:00, run_after=2026-05-18 00:00:00+00:00
[2026-05-18T17:38:22.952+0000] {processor.py:183} INFO - Processing /opt/airflow/dags/chicago_crimes_dag.py took 0.383 seconds
[2026-05-18T17:38:53.077+0000] {processor.py:161} INFO - Started process (PID=587) to work on /opt/airflow/dags/chicago_crimes_dag.py
[2026-05-18T17:38:53.078+0000] {processor.py:830} INFO - Processing file /opt/airflow/dags/chicago_crimes_dag.py for tasks to queue
[2026-05-18T17:38:53.080+0000] {logging_mixin.py:188} INFO - [2026-05-18T17:38:53.079+0000] {dagbag.py:538} INFO - Filling up the DagBag from /opt/airflow/dags/chicago_crimes_dag.py
[2026-05-18T17:38:53.220+0000] {processor.py:840} INFO - DAG(s) 'chicago_crimes_ingestion' retrieved from /opt/airflow/dags/chicago_crimes_dag.py
[2026-05-18T17:38:53.232+0000] {logging_mixin.py:188} INFO - [2026-05-18T17:38:53.232+0000] {dag.py:3036} INFO - Sync 1 DAGs
[2026-05-18T17:38:53.349+0000] {logging_mixin.py:188} INFO - [2026-05-18T17:38:53.349+0000] {dag.py:3823} INFO - Setting next_dagrun for chicago_crimes_ingestion to 2026-05-17 00:00:00+00:00, run_after=2026-05-18 00:00:00+00:00
[2026-05-18T17:38:53.356+0000] {processor.py:183} INFO - Processing /opt/airflow/dags/chicago_crimes_dag.py took 0.283 seconds
[2026-05-18T17:39:23.774+0000] {processor.py:161} INFO - Started process (PID=593) to work on /opt/airflow/dags/chicago_crimes_dag.py
[2026-05-18T17:39:23.776+0000] {processor.py:830} INFO - Processing file /opt/airflow/dags/chicago_crimes_dag.py for tasks to queue
[2026-05-18T17:39:23.777+0000] {logging_mixin.py:188} INFO - [2026-05-18T17:39:23.776+0000] {dagbag.py:538} INFO - Filling up the DagBag from /opt/airflow/dags/chicago_crimes_dag.py
[2026-05-18T17:39:23.890+0000] {processor.py:840} INFO - DAG(s) 'chicago_crimes_ingestion' retrieved from /opt/airflow/dags/chicago_crimes_dag.py
[2026-05-18T17:39:23.900+0000] {logging_mixin.py:188} INFO - [2026-05-18T17:39:23.900+0000] {dag.py:3036} INFO - Sync 1 DAGs
[2026-05-18T17:39:23.908+0000] {logging_mixin.py:188} INFO - [2026-05-18T17:39:23.908+0000] {dag.py:3823} INFO - Setting next_dagrun for chicago_crimes_ingestion to 2026-05-17 00:00:00+00:00, run_after=2026-05-18 00:00:00+00:00
[2026-05-18T17:39:23.913+0000] {processor.py:183} INFO - Processing /opt/airflow/dags/chicago_crimes_dag.py took 0.144 seconds
[2026-05-18T17:39:54.291+0000] {processor.py:161} INFO - Started process (PID=599) to work on /opt/airflow/dags/chicago_crimes_dag.py
[2026-05-18T17:39:54.292+0000] {processor.py:830} INFO - Processing file /opt/airflow/dags/chicago_crimes_dag.py for tasks to queue
[2026-05-18T17:39:54.293+0000] {logging_mixin.py:188} INFO - [2026-05-18T17:39:54.293+0000] {dagbag.py:538} INFO - Filling up the DagBag from /opt/airflow/dags/chicago_crimes_dag.py
[2026-05-18T17:39:54.478+0000] {processor.py:840} INFO - DAG(s) 'chicago_crimes_ingestion' retrieved from /opt/airflow/dags/chicago_crimes_dag.py
[2026-05-18T17:39:54.491+0000] {logging_mixin.py:188} INFO - [2026-05-18T17:39:54.491+0000] {dag.py:3036} INFO - Sync 1 DAGs
[2026-05-18T17:39:54.501+0000] {logging_mixin.py:188} INFO - [2026-05-18T17:39:54.501+0000] {dag.py:3823} INFO - Setting next_dagrun for chicago_crimes_ingestion to 2026-05-17 00:00:00+00:00, run_after=2026-05-18 00:00:00+00:00
[2026-05-18T17:39:54.507+0000] {processor.py:183} INFO - Processing /opt/airflow/dags/chicago_crimes_dag.py took 0.220 seconds
[2026-05-18T17:40:24.672+0000] {processor.py:161} INFO - Started process (PID=605) to work on /opt/airflow/dags/chicago_crimes_dag.py
[2026-05-18T17:40:24.674+0000] {processor.py:830} INFO - Processing file /opt/airflow/dags/chicago_crimes_dag.py for tasks to queue
[2026-05-18T17:40:24.674+0000] {logging_mixin.py:188} INFO - [2026-05-18T17:40:24.674+0000] {dagbag.py:538} INFO - Filling up the DagBag from /opt/airflow/dags/chicago_crimes_dag.py
[2026-05-18T17:40:24.787+0000] {processor.py:840} INFO - DAG(s) 'chicago_crimes_ingestion' retrieved from /opt/airflow/dags/chicago_crimes_dag.py
[2026-05-18T17:40:24.798+0000] {logging_mixin.py:188} INFO - [2026-05-18T17:40:24.798+0000] {dag.py:3036} INFO - Sync 1 DAGs
[2026-05-18T17:40:24.805+0000] {logging_mixin.py:188} INFO - [2026-05-18T17:40:24.805+0000] {dag.py:3823} INFO - Setting next_dagrun for chicago_crimes_ingestion to 2026-05-17 00:00:00+00:00, run_after=2026-05-18 00:00:00+00:00
[2026-05-18T17:40:24.811+0000] {processor.py:183} INFO - Processing /opt/airflow/dags/chicago_crimes_dag.py took 0.144 seconds
[2026-05-18T17:40:55.149+0000] {processor.py:161} INFO - Started process (PID=611) to work on /opt/airflow/dags/chicago_crimes_dag.py
[2026-05-18T17:40:55.152+0000] {processor.py:830} INFO - Processing file /opt/airflow/dags/chicago_crimes_dag.py for tasks to queue
[2026-05-18T17:40:55.153+0000] {logging_mixin.py:188} INFO - [2026-05-18T17:40:55.152+0000] {dagbag.py:538} INFO - Filling up the DagBag from /opt/airflow/dags/chicago_crimes_dag.py
[2026-05-18T17:40:55.311+0000] {processor.py:840} INFO - DAG(s) 'chicago_crimes_ingestion' retrieved from /opt/airflow/dags/chicago_crimes_dag.py
[2026-05-18T17:40:55.328+0000] {logging_mixin.py:188} INFO - [2026-05-18T17:40:55.328+0000] {dag.py:3036} INFO - Sync 1 DAGs
[2026-05-18T17:40:55.337+0000] {logging_mixin.py:188} INFO - [2026-05-18T17:40:55.337+0000] {dag.py:3823} INFO - Setting next_dagrun for chicago_crimes_ingestion to 2026-05-17 00:00:00+00:00, run_after=2026-05-18 00:00:00+00:00
[2026-05-18T17:40:55.343+0000] {processor.py:183} INFO - Processing /opt/airflow/dags/chicago_crimes_dag.py took 0.198 seconds
[2026-05-18T17:41:25.567+0000] {processor.py:161} INFO - Started process (PID=617) to work on /opt/airflow/dags/chicago_crimes_dag.py
[2026-05-18T17:41:25.569+0000] {processor.py:830} INFO - Processing file /opt/airflow/dags/chicago_crimes_dag.py for tasks to queue
[2026-05-18T17:41:25.570+0000] {logging_mixin.py:188} INFO - [2026-05-18T17:41:25.569+0000] {dagbag.py:538} INFO - Filling up the DagBag from /opt/airflow/dags/chicago_crimes_dag.py
[2026-05-18T17:41:25.688+0000] {processor.py:840} INFO - DAG(s) 'chicago_crimes_ingestion' retrieved from /opt/airflow/dags/chicago_crimes_dag.py
[2026-05-18T17:41:25.698+0000] {logging_mixin.py:188} INFO - [2026-05-18T17:41:25.698+0000] {dag.py:3036} INFO - Sync 1 DAGs
[2026-05-18T17:41:25.706+0000] {logging_mixin.py:188} INFO - [2026-05-18T17:41:25.706+0000] {dag.py:3823} INFO - Setting next_dagrun for chicago_crimes_ingestion to 2026-05-17 00:00:00+00:00, run_after=2026-05-18 00:00:00+00:00
[2026-05-18T17:41:25.819+0000] {processor.py:183} INFO - Processing /opt/airflow/dags/chicago_crimes_dag.py took 0.256 seconds
[2026-05-18T17:41:56.124+0000] {processor.py:161} INFO - Started process (PID=623) to work on /opt/airflow/dags/chicago_crimes_dag.py
[2026-05-18T17:41:56.129+0000] {processor.py:830} INFO - Processing file /opt/airflow/dags/chicago_crimes_dag.py for tasks to queue
[2026-05-18T17:41:56.133+0000] {logging_mixin.py:188} INFO - [2026-05-18T17:41:56.131+0000] {dagbag.py:538} INFO - Filling up the DagBag from /opt/airflow/dags/chicago_crimes_dag.py
[2026-05-18T17:41:56.271+0000] {processor.py:840} INFO - DAG(s) 'chicago_crimes_ingestion' retrieved from /opt/airflow/dags/chicago_crimes_dag.py
[2026-05-18T17:41:56.283+0000] {logging_mixin.py:188} INFO - [2026-05-18T17:41:56.283+0000] {dag.py:3036} INFO - Sync 1 DAGs
[2026-05-18T17:41:56.356+0000] {logging_mixin.py:188} INFO - [2026-05-18T17:41:56.356+0000] {dag.py:3823} INFO - Setting next_dagrun for chicago_crimes_ingestion to 2026-05-17 00:00:00+00:00, run_after=2026-05-18 00:00:00+00:00
[2026-05-18T17:41:56.363+0000] {processor.py:183} INFO - Processing /opt/airflow/dags/chicago_crimes_dag.py took 0.245 seconds
[2026-05-18T17:42:26.642+0000] {processor.py:161} INFO - Started process (PID=629) to work on /opt/airflow/dags/chicago_crimes_dag.py
[2026-05-18T17:42:26.643+0000] {processor.py:830} INFO - Processing file /opt/airflow/dags/chicago_crimes_dag.py for tasks to queue
[2026-05-18T17:42:26.644+0000] {logging_mixin.py:188} INFO - [2026-05-18T17:42:26.644+0000] {dagbag.py:538} INFO - Filling up the DagBag from /opt/airflow/dags/chicago_crimes_dag.py
[2026-05-18T17:42:26.755+0000] {processor.py:840} INFO - DAG(s) 'chicago_crimes_ingestion' retrieved from /opt/airflow/dags/chicago_crimes_dag.py
[2026-05-18T17:42:26.767+0000] {logging_mixin.py:188} INFO - [2026-05-18T17:42:26.766+0000] {dag.py:3036} INFO - Sync 1 DAGs
[2026-05-18T17:42:26.775+0000] {logging_mixin.py:188} INFO - [2026-05-18T17:42:26.775+0000] {dag.py:3823} INFO - Setting next_dagrun for chicago_crimes_ingestion to 2026-05-17 00:00:00+00:00, run_after=2026-05-18 00:00:00+00:00
[2026-05-18T17:42:26.781+0000] {processor.py:183} INFO - Processing /opt/airflow/dags/chicago_crimes_dag.py took 0.143 seconds
[2026-05-18T17:42:57.217+0000] {processor.py:161} INFO - Started process (PID=635) to work on /opt/airflow/dags/chicago_crimes_dag.py
[2026-05-18T17:42:57.220+0000] {processor.py:830} INFO - Processing file /opt/airflow/dags/chicago_crimes_dag.py for tasks to queue
[2026-05-18T17:42:57.221+0000] {logging_mixin.py:188} INFO - [2026-05-18T17:42:57.220+0000] {dagbag.py:538} INFO - Filling up the DagBag from /opt/airflow/dags/chicago_crimes_dag.py
[2026-05-18T17:42:57.374+0000] {processor.py:840} INFO - DAG(s) 'chicago_crimes_ingestion' retrieved from /opt/airflow/dags/chicago_crimes_dag.py
[2026-05-18T17:42:57.390+0000] {logging_mixin.py:188} INFO - [2026-05-18T17:42:57.389+0000] {dag.py:3036} INFO - Sync 1 DAGs
[2026-05-18T17:42:57.400+0000] {logging_mixin.py:188} INFO - [2026-05-18T17:42:57.400+0000] {dag.py:3823} INFO - Setting next_dagrun for chicago_crimes_ingestion to 2026-05-17 00:00:00+00:00, run_after=2026-05-18 00:00:00+00:00
[2026-05-18T17:42:57.407+0000] {processor.py:183} INFO - Processing /opt/airflow/dags/chicago_crimes_dag.py took 0.194 seconds
[2026-05-18T17:43:27.689+0000] {processor.py:161} INFO - Started process (PID=641) to work on /opt/airflow/dags/chicago_crimes_dag.py
[2026-05-18T17:43:27.691+0000] {processor.py:830} INFO - Processing file /opt/airflow/dags/chicago_crimes_dag.py for tasks to queue
[2026-05-18T17:43:27.691+0000] {logging_mixin.py:188} INFO - [2026-05-18T17:43:27.691+0000] {dagbag.py:538} INFO - Filling up the DagBag from /opt/airflow/dags/chicago_crimes_dag.py
[2026-05-18T17:43:27.819+0000] {processor.py:840} INFO - DAG(s) 'chicago_crimes_ingestion' retrieved from /opt/airflow/dags/chicago_crimes_dag.py
[2026-05-18T17:43:27.830+0000] {logging_mixin.py:188} INFO - [2026-05-18T17:43:27.830+0000] {dag.py:3036} INFO - Sync 1 DAGs
[2026-05-18T17:43:27.839+0000] {logging_mixin.py:188} INFO - [2026-05-18T17:43:27.839+0000] {dag.py:3823} INFO - Setting next_dagrun for chicago_crimes_ingestion to 2026-05-17 00:00:00+00:00, run_after=2026-05-18 00:00:00+00:00
[2026-05-18T17:43:27.846+0000] {processor.py:183} INFO - Processing /opt/airflow/dags/chicago_crimes_dag.py took 0.161 seconds
[2026-05-18T17:43:58.230+0000] {processor.py:161} INFO - Started process (PID=647) to work on /opt/airflow/dags/chicago_crimes_dag.py
[2026-05-18T17:43:58.231+0000] {processor.py:830} INFO - Processing file /opt/airflow/dags/chicago_crimes_dag.py for tasks to queue
[2026-05-18T17:43:58.233+0000] {logging_mixin.py:188} INFO - [2026-05-18T17:43:58.233+0000] {dagbag.py:538} INFO - Filling up the DagBag from /opt/airflow/dags/chicago_crimes_dag.py
[2026-05-18T17:43:58.407+0000] {processor.py:840} INFO - DAG(s) 'chicago_crimes_ingestion' retrieved from /opt/airflow/dags/chicago_crimes_dag.py
[2026-05-18T17:43:58.422+0000] {logging_mixin.py:188} INFO - [2026-05-18T17:43:58.422+0000] {dag.py:3036} INFO - Sync 1 DAGs
[2026-05-18T17:43:58.437+0000] {logging_mixin.py:188} INFO - [2026-05-18T17:43:58.437+0000] {dag.py:3823} INFO - Setting next_dagrun for chicago_crimes_ingestion to 2026-05-17 00:00:00+00:00, run_after=2026-05-18 00:00:00+00:00
[2026-05-18T17:43:58.445+0000] {processor.py:183} INFO - Processing /opt/airflow/dags/chicago_crimes_dag.py took 0.219 seconds
[2026-05-18T17:44:28.557+0000] {processor.py:161} INFO - Started process (PID=653) to work on /opt/airflow/dags/chicago_crimes_dag.py
[2026-05-18T17:44:28.558+0000] {processor.py:830} INFO - Processing file /opt/airflow/dags/chicago_crimes_dag.py for tasks to queue
[2026-05-18T17:44:28.559+0000] {logging_mixin.py:188} INFO - [2026-05-18T17:44:28.559+0000] {dagbag.py:538} INFO - Filling up the DagBag from /opt/airflow/dags/chicago_crimes_dag.py
[2026-05-18T17:44:28.669+0000] {processor.py:840} INFO - DAG(s) 'chicago_crimes_ingestion' retrieved from /opt/airflow/dags/chicago_crimes_dag.py
[2026-05-18T17:44:28.679+0000] {logging_mixin.py:188} INFO - [2026-05-18T17:44:28.679+0000] {dag.py:3036} INFO - Sync 1 DAGs
[2026-05-18T17:44:28.687+0000] {logging_mixin.py:188} INFO - [2026-05-18T17:44:28.687+0000] {dag.py:3823} INFO - Setting next_dagrun for chicago_crimes_ingestion to 2026-05-17 00:00:00+00:00, run_after=2026-05-18 00:00:00+00:00
[2026-05-18T17:44:28.953+0000] {processor.py:183} INFO - Processing /opt/airflow/dags/chicago_crimes_dag.py took 0.400 seconds
[2026-05-18T17:44:59.385+0000] {processor.py:161} INFO - Started process (PID=659) to work on /opt/airflow/dags/chicago_crimes_dag.py
[2026-05-18T17:44:59.387+0000] {processor.py:830} INFO - Processing file /opt/airflow/dags/chicago_crimes_dag.py for tasks to queue
[2026-05-18T17:44:59.388+0000] {logging_mixin.py:188} INFO - [2026-05-18T17:44:59.388+0000] {dagbag.py:538} INFO - Filling up the DagBag from /opt/airflow/dags/chicago_crimes_dag.py
[2026-05-18T17:44:59.567+0000] {processor.py:840} INFO - DAG(s) 'chicago_crimes_ingestion' retrieved from /opt/airflow/dags/chicago_crimes_dag.py
[2026-05-18T17:44:59.585+0000] {logging_mixin.py:188} INFO - [2026-05-18T17:44:59.585+0000] {dag.py:3036} INFO - Sync 1 DAGs
[2026-05-18T17:44:59.727+0000] {logging_mixin.py:188} INFO - [2026-05-18T17:44:59.727+0000] {dag.py:3823} INFO - Setting next_dagrun for chicago_crimes_ingestion to 2026-05-17 00:00:00+00:00, run_after=2026-05-18 00:00:00+00:00
[2026-05-18T17:44:59.741+0000] {processor.py:183} INFO - Processing /opt/airflow/dags/chicago_crimes_dag.py took 0.361 seconds
[2026-05-18T17:45:29.911+0000] {processor.py:161} INFO - Started process (PID=665) to work on /opt/airflow/dags/chicago_crimes_dag.py
[2026-05-18T17:45:29.913+0000] {processor.py:830} INFO - Processing file /opt/airflow/dags/chicago_crimes_dag.py for tasks to queue
[2026-05-18T17:45:29.914+0000] {logging_mixin.py:188} INFO - [2026-05-18T17:45:29.913+0000] {dagbag.py:538} INFO - Filling up the DagBag from /opt/airflow/dags/chicago_crimes_dag.py
[2026-05-18T17:45:30.077+0000] {processor.py:840} INFO - DAG(s) 'chicago_crimes_ingestion' retrieved from /opt/airflow/dags/chicago_crimes_dag.py
[2026-05-18T17:45:30.094+0000] {logging_mixin.py:188} INFO - [2026-05-18T17:45:30.093+0000] {dag.py:3036} INFO - Sync 1 DAGs
[2026-05-18T17:45:30.105+0000] {logging_mixin.py:188} INFO - [2026-05-18T17:45:30.105+0000] {dag.py:3823} INFO - Setting next_dagrun for chicago_crimes_ingestion to 2026-05-17 00:00:00+00:00, run_after=2026-05-18 00:00:00+00:00
[2026-05-18T17:45:30.113+0000] {processor.py:183} INFO - Processing /opt/airflow/dags/chicago_crimes_dag.py took 0.213 seconds
[2026-05-18T17:46:00.364+0000] {processor.py:161} INFO - Started process (PID=671) to work on /opt/airflow/dags/chicago_crimes_dag.py
[2026-05-18T17:46:00.366+0000] {processor.py:830} INFO - Processing file /opt/airflow/dags/chicago_crimes_dag.py for tasks to queue
[2026-05-18T17:46:00.368+0000] {logging_mixin.py:188} INFO - [2026-05-18T17:46:00.367+0000] {dagbag.py:538} INFO - Filling up the DagBag from /opt/airflow/dags/chicago_crimes_dag.py
[2026-05-18T17:46:00.533+0000] {processor.py:840} INFO - DAG(s) 'chicago_crimes_ingestion' retrieved from /opt/airflow/dags/chicago_crimes_dag.py
[2026-05-18T17:46:00.555+0000] {logging_mixin.py:188} INFO - [2026-05-18T17:46:00.555+0000] {dag.py:3036} INFO - Sync 1 DAGs
[2026-05-18T17:46:00.564+0000] {logging_mixin.py:188} INFO - [2026-05-18T17:46:00.564+0000] {dag.py:3823} INFO - Setting next_dagrun for chicago_crimes_ingestion to 2026-05-17 00:00:00+00:00, run_after=2026-05-18 00:00:00+00:00
[2026-05-18T17:46:00.571+0000] {processor.py:183} INFO - Processing /opt/airflow/dags/chicago_crimes_dag.py took 0.215 seconds
[2026-05-18T17:46:30.967+0000] {processor.py:161} INFO - Started process (PID=677) to work on /opt/airflow/dags/chicago_crimes_dag.py
[2026-05-18T17:46:30.968+0000] {processor.py:830} INFO - Processing file /opt/airflow/dags/chicago_crimes_dag.py for tasks to queue
[2026-05-18T17:46:30.969+0000] {logging_mixin.py:188} INFO - [2026-05-18T17:46:30.969+0000] {dagbag.py:538} INFO - Filling up the DagBag from /opt/airflow/dags/chicago_crimes_dag.py
[2026-05-18T17:46:31.098+0000] {processor.py:840} INFO - DAG(s) 'chicago_crimes_ingestion' retrieved from /opt/airflow/dags/chicago_crimes_dag.py
[2026-05-18T17:46:31.107+0000] {logging_mixin.py:188} INFO - [2026-05-18T17:46:31.107+0000] {dag.py:3036} INFO - Sync 1 DAGs
[2026-05-18T17:46:31.115+0000] {logging_mixin.py:188} INFO - [2026-05-18T17:46:31.114+0000] {dag.py:3823} INFO - Setting next_dagrun for chicago_crimes_ingestion to 2026-05-17 00:00:00+00:00, run_after=2026-05-18 00:00:00+00:00
[2026-05-18T17:46:31.120+0000] {processor.py:183} INFO - Processing /opt/airflow/dags/chicago_crimes_dag.py took 0.158 seconds
[2026-05-18T17:47:01.387+0000] {processor.py:161} INFO - Started process (PID=683) to work on /opt/airflow/dags/chicago_crimes_dag.py
[2026-05-18T17:47:01.390+0000] {processor.py:830} INFO - Processing file /opt/airflow/dags/chicago_crimes_dag.py for tasks to queue
[2026-05-18T17:47:01.391+0000] {logging_mixin.py:188} INFO - [2026-05-18T17:47:01.390+0000] {dagbag.py:538} INFO - Filling up the DagBag from /opt/airflow/dags/chicago_crimes_dag.py
[2026-05-18T17:47:01.511+0000] {processor.py:840} INFO - DAG(s) 'chicago_crimes_ingestion' retrieved from /opt/airflow/dags/chicago_crimes_dag.py
[2026-05-18T17:47:01.526+0000] {logging_mixin.py:188} INFO - [2026-05-18T17:47:01.526+0000] {dag.py:3036} INFO - Sync 1 DAGs
[2026-05-18T17:47:01.536+0000] {logging_mixin.py:188} INFO - [2026-05-18T17:47:01.536+0000] {dag.py:3823} INFO - Setting next_dagrun for chicago_crimes_ingestion to 2026-05-17 00:00:00+00:00, run_after=2026-05-18 00:00:00+00:00
[2026-05-18T17:47:01.737+0000] {processor.py:183} INFO - Processing /opt/airflow/dags/chicago_crimes_dag.py took 0.355 seconds
[2026-05-18T17:47:31.815+0000] {processor.py:161} INFO - Started process (PID=689) to work on /opt/airflow/dags/chicago_crimes_dag.py
[2026-05-18T17:47:31.816+0000] {processor.py:830} INFO - Processing file /opt/airflow/dags/chicago_crimes_dag.py for tasks to queue
[2026-05-18T17:47:31.818+0000] {logging_mixin.py:188} INFO - [2026-05-18T17:47:31.817+0000] {dagbag.py:538} INFO - Filling up the DagBag from /opt/airflow/dags/chicago_crimes_dag.py
[2026-05-18T17:47:32.000+0000] {processor.py:840} INFO - DAG(s) 'chicago_crimes_ingestion' retrieved from /opt/airflow/dags/chicago_crimes_dag.py
[2026-05-18T17:47:32.013+0000] {logging_mixin.py:188} INFO - [2026-05-18T17:47:32.013+0000] {dag.py:3036} INFO - Sync 1 DAGs
[2026-05-18T17:47:32.024+0000] {logging_mixin.py:188} INFO - [2026-05-18T17:47:32.024+0000] {dag.py:3823} INFO - Setting next_dagrun for chicago_crimes_ingestion to 2026-05-17 00:00:00+00:00, run_after=2026-05-18 00:00:00+00:00
[2026-05-18T17:47:32.112+0000] {processor.py:183} INFO - Processing /opt/airflow/dags/chicago_crimes_dag.py took 0.303 seconds
[2026-05-18T17:48:02.186+0000] {processor.py:161} INFO - Started process (PID=695) to work on /opt/airflow/dags/chicago_crimes_dag.py
[2026-05-18T17:48:02.187+0000] {processor.py:830} INFO - Processing file /opt/airflow/dags/chicago_crimes_dag.py for tasks to queue
[2026-05-18T17:48:02.188+0000] {logging_mixin.py:188} INFO - [2026-05-18T17:48:02.188+0000] {dagbag.py:538} INFO - Filling up the DagBag from /opt/airflow/dags/chicago_crimes_dag.py
[2026-05-18T17:48:02.333+0000] {processor.py:840} INFO - DAG(s) 'chicago_crimes_ingestion' retrieved from /opt/airflow/dags/chicago_crimes_dag.py
[2026-05-18T17:48:02.347+0000] {logging_mixin.py:188} INFO - [2026-05-18T17:48:02.347+0000] {dag.py:3036} INFO - Sync 1 DAGs
[2026-05-18T17:48:02.359+0000] {logging_mixin.py:188} INFO - [2026-05-18T17:48:02.359+0000] {dag.py:3823} INFO - Setting next_dagrun for chicago_crimes_ingestion to 2026-05-17 00:00:00+00:00, run_after=2026-05-18 00:00:00+00:00
[2026-05-18T17:48:02.366+0000] {processor.py:183} INFO - Processing /opt/airflow/dags/chicago_crimes_dag.py took 0.186 seconds
[2026-05-18T17:48:32.612+0000] {processor.py:161} INFO - Started process (PID=701) to work on /opt/airflow/dags/chicago_crimes_dag.py
[2026-05-18T17:48:32.614+0000] {processor.py:830} INFO - Processing file /opt/airflow/dags/chicago_crimes_dag.py for tasks to queue
[2026-05-18T17:48:32.615+0000] {logging_mixin.py:188} INFO - [2026-05-18T17:48:32.614+0000] {dagbag.py:538} INFO - Filling up the DagBag from /opt/airflow/dags/chicago_crimes_dag.py
[2026-05-18T17:48:32.758+0000] {processor.py:840} INFO - DAG(s) 'chicago_crimes_ingestion' retrieved from /opt/airflow/dags/chicago_crimes_dag.py
[2026-05-18T17:48:32.771+0000] {logging_mixin.py:188} INFO - [2026-05-18T17:48:32.771+0000] {dag.py:3036} INFO - Sync 1 DAGs
[2026-05-18T17:48:32.781+0000] {logging_mixin.py:188} INFO - [2026-05-18T17:48:32.781+0000] {dag.py:3823} INFO - Setting next_dagrun for chicago_crimes_ingestion to 2026-05-17 00:00:00+00:00, run_after=2026-05-18 00:00:00+00:00
[2026-05-18T17:48:32.788+0000] {processor.py:183} INFO - Processing /opt/airflow/dags/chicago_crimes_dag.py took 0.181 seconds
[2026-05-18T17:49:03.265+0000] {processor.py:161} INFO - Started process (PID=707) to work on /opt/airflow/dags/chicago_crimes_dag.py
[2026-05-18T17:49:03.267+0000] {processor.py:830} INFO - Processing file /opt/airflow/dags/chicago_crimes_dag.py for tasks to queue
[2026-05-18T17:49:03.268+0000] {logging_mixin.py:188} INFO - [2026-05-18T17:49:03.267+0000] {dagbag.py:538} INFO - Filling up the DagBag from /opt/airflow/dags/chicago_crimes_dag.py
[2026-05-18T17:49:03.417+0000] {processor.py:840} INFO - DAG(s) 'chicago_crimes_ingestion' retrieved from /opt/airflow/dags/chicago_crimes_dag.py
[2026-05-18T17:49:03.437+0000] {logging_mixin.py:188} INFO - [2026-05-18T17:49:03.436+0000] {dag.py:3036} INFO - Sync 1 DAGs
[2026-05-18T17:49:03.446+0000] {logging_mixin.py:188} INFO - [2026-05-18T17:49:03.446+0000] {dag.py:3823} INFO - Setting next_dagrun for chicago_crimes_ingestion to 2026-05-17 00:00:00+00:00, run_after=2026-05-18 00:00:00+00:00
[2026-05-18T17:49:03.453+0000] {processor.py:183} INFO - Processing /opt/airflow/dags/chicago_crimes_dag.py took 0.196 seconds
[2026-05-18T17:49:33.812+0000] {processor.py:161} INFO - Started process (PID=713) to work on /opt/airflow/dags/chicago_crimes_dag.py
[2026-05-18T17:49:33.814+0000] {processor.py:830} INFO - Processing file /opt/airflow/dags/chicago_crimes_dag.py for tasks to queue
[2026-05-18T17:49:33.818+0000] {logging_mixin.py:188} INFO - [2026-05-18T17:49:33.815+0000] {dagbag.py:538} INFO - Filling up the DagBag from /opt/airflow/dags/chicago_crimes_dag.py
[2026-05-18T17:49:34.006+0000] {processor.py:840} INFO - DAG(s) 'chicago_crimes_ingestion' retrieved from /opt/airflow/dags/chicago_crimes_dag.py
[2026-05-18T17:49:34.024+0000] {logging_mixin.py:188} INFO - [2026-05-18T17:49:34.023+0000] {dag.py:3036} INFO - Sync 1 DAGs
[2026-05-18T17:49:34.034+0000] {logging_mixin.py:188} INFO - [2026-05-18T17:49:34.034+0000] {dag.py:3823} INFO - Setting next_dagrun for chicago_crimes_ingestion to 2026-05-17 00:00:00+00:00, run_after=2026-05-18 00:00:00+00:00
[2026-05-18T17:49:34.041+0000] {processor.py:183} INFO - Processing /opt/airflow/dags/chicago_crimes_dag.py took 0.237 seconds
[2026-05-18T17:50:04.456+0000] {processor.py:161} INFO - Started process (PID=719) to work on /opt/airflow/dags/chicago_crimes_dag.py
[2026-05-18T17:50:04.460+0000] {processor.py:830} INFO - Processing file /opt/airflow/dags/chicago_crimes_dag.py for tasks to queue
[2026-05-18T17:50:04.467+0000] {logging_mixin.py:188} INFO - [2026-05-18T17:50:04.464+0000] {dagbag.py:538} INFO - Filling up the DagBag from /opt/airflow/dags/chicago_crimes_dag.py
[2026-05-18T17:50:04.614+0000] {processor.py:840} INFO - DAG(s) 'chicago_crimes_ingestion' retrieved from /opt/airflow/dags/chicago_crimes_dag.py
[2026-05-18T17:50:04.628+0000] {logging_mixin.py:188} INFO - [2026-05-18T17:50:04.628+0000] {dag.py:3036} INFO - Sync 1 DAGs
[2026-05-18T17:50:04.637+0000] {logging_mixin.py:188} INFO - [2026-05-18T17:50:04.637+0000] {dag.py:3823} INFO - Setting next_dagrun for chicago_crimes_ingestion to 2026-05-17 00:00:00+00:00, run_after=2026-05-18 00:00:00+00:00
[2026-05-18T17:50:04.757+0000] {processor.py:183} INFO - Processing /opt/airflow/dags/chicago_crimes_dag.py took 0.306 seconds
[2026-05-18T17:50:34.903+0000] {processor.py:161} INFO - Started process (PID=725) to work on /opt/airflow/dags/chicago_crimes_dag.py
[2026-05-18T17:50:34.905+0000] {processor.py:830} INFO - Processing file /opt/airflow/dags/chicago_crimes_dag.py for tasks to queue
[2026-05-18T17:50:34.906+0000] {logging_mixin.py:188} INFO - [2026-05-18T17:50:34.906+0000] {dagbag.py:538} INFO - Filling up the DagBag from /opt/airflow/dags/chicago_crimes_dag.py
[2026-05-18T17:50:35.070+0000] {processor.py:840} INFO - DAG(s) 'chicago_crimes_ingestion' retrieved from /opt/airflow/dags/chicago_crimes_dag.py
[2026-05-18T17:50:35.091+0000] {logging_mixin.py:188} INFO - [2026-05-18T17:50:35.091+0000] {dag.py:3036} INFO - Sync 1 DAGs
[2026-05-18T17:50:35.214+0000] {logging_mixin.py:188} INFO - [2026-05-18T17:50:35.214+0000] {dag.py:3823} INFO - Setting next_dagrun for chicago_crimes_ingestion to 2026-05-17 00:00:00+00:00, run_after=2026-05-18 00:00:00+00:00
[2026-05-18T17:50:35.223+0000] {processor.py:183} INFO - Processing /opt/airflow/dags/chicago_crimes_dag.py took 0.326 seconds
[2026-05-18T17:51:05.714+0000] {processor.py:161} INFO - Started process (PID=731) to work on /opt/airflow/dags/chicago_crimes_dag.py
[2026-05-18T17:51:05.717+0000] {processor.py:830} INFO - Processing file /opt/airflow/dags/chicago_crimes_dag.py for tasks to queue
[2026-05-18T17:51:05.718+0000] {logging_mixin.py:188} INFO - [2026-05-18T17:51:05.717+0000] {dagbag.py:538} INFO - Filling up the DagBag from /opt/airflow/dags/chicago_crimes_dag.py
[2026-05-18T17:51:05.860+0000] {processor.py:840} INFO - DAG(s) 'chicago_crimes_ingestion' retrieved from /opt/airflow/dags/chicago_crimes_dag.py
[2026-05-18T17:51:05.878+0000] {logging_mixin.py:188} INFO - [2026-05-18T17:51:05.878+0000] {dag.py:3036} INFO - Sync 1 DAGs
[2026-05-18T17:51:05.891+0000] {logging_mixin.py:188} INFO - [2026-05-18T17:51:05.891+0000] {dag.py:3823} INFO - Setting next_dagrun for chicago_crimes_ingestion to 2026-05-17 00:00:00+00:00, run_after=2026-05-18 00:00:00+00:00
[2026-05-18T17:51:05.898+0000] {processor.py:183} INFO - Processing /opt/airflow/dags/chicago_crimes_dag.py took 0.190 seconds
[2026-05-18T17:51:36.217+0000] {processor.py:161} INFO - Started process (PID=737) to work on /opt/airflow/dags/chicago_crimes_dag.py
[2026-05-18T17:51:36.220+0000] {processor.py:830} INFO - Processing file /opt/airflow/dags/chicago_crimes_dag.py for tasks to queue
[2026-05-18T17:51:36.221+0000] {logging_mixin.py:188} INFO - [2026-05-18T17:51:36.221+0000] {dagbag.py:538} INFO - Filling up the DagBag from /opt/airflow/dags/chicago_crimes_dag.py
[2026-05-18T17:51:36.370+0000] {processor.py:840} INFO - DAG(s) 'chicago_crimes_ingestion' retrieved from /opt/airflow/dags/chicago_crimes_dag.py
[2026-05-18T17:51:36.387+0000] {logging_mixin.py:188} INFO - [2026-05-18T17:51:36.387+0000] {dag.py:3036} INFO - Sync 1 DAGs
[2026-05-18T17:51:36.402+0000] {logging_mixin.py:188} INFO - [2026-05-18T17:51:36.402+0000] {dag.py:3823} INFO - Setting next_dagrun for chicago_crimes_ingestion to 2026-05-17 00:00:00+00:00, run_after=2026-05-18 00:00:00+00:00
[2026-05-18T17:51:36.409+0000] {processor.py:183} INFO - Processing /opt/airflow/dags/chicago_crimes_dag.py took 0.198 seconds
[2026-05-18T17:52:06.788+0000] {processor.py:161} INFO - Started process (PID=743) to work on /opt/airflow/dags/chicago_crimes_dag.py
[2026-05-18T17:52:06.790+0000] {processor.py:830} INFO - Processing file /opt/airflow/dags/chicago_crimes_dag.py for tasks to queue
[2026-05-18T17:52:06.791+0000] {logging_mixin.py:188} INFO - [2026-05-18T17:52:06.790+0000] {dagbag.py:538} INFO - Filling up the DagBag from /opt/airflow/dags/chicago_crimes_dag.py
[2026-05-18T17:52:06.931+0000] {processor.py:840} INFO - DAG(s) 'chicago_crimes_ingestion' retrieved from /opt/airflow/dags/chicago_crimes_dag.py
[2026-05-18T17:52:06.943+0000] {logging_mixin.py:188} INFO - [2026-05-18T17:52:06.943+0000] {dag.py:3036} INFO - Sync 1 DAGs
[2026-05-18T17:52:06.955+0000] {logging_mixin.py:188} INFO - [2026-05-18T17:52:06.955+0000] {dag.py:3823} INFO - Setting next_dagrun for chicago_crimes_ingestion to 2026-05-17 00:00:00+00:00, run_after=2026-05-18 00:00:00+00:00
[2026-05-18T17:52:06.962+0000] {processor.py:183} INFO - Processing /opt/airflow/dags/chicago_crimes_dag.py took 0.179 seconds
[2026-05-18T17:52:37.263+0000] {processor.py:161} INFO - Started process (PID=749) to work on /opt/airflow/dags/chicago_crimes_dag.py
[2026-05-18T17:52:37.268+0000] {processor.py:830} INFO - Processing file /opt/airflow/dags/chicago_crimes_dag.py for tasks to queue
[2026-05-18T17:52:37.269+0000] {logging_mixin.py:188} INFO - [2026-05-18T17:52:37.269+0000] {dagbag.py:538} INFO - Filling up the DagBag from /opt/airflow/dags/chicago_crimes_dag.py
[2026-05-18T17:52:37.431+0000] {processor.py:840} INFO - DAG(s) 'chicago_crimes_ingestion' retrieved from /opt/airflow/dags/chicago_crimes_dag.py
[2026-05-18T17:52:37.451+0000] {logging_mixin.py:188} INFO - [2026-05-18T17:52:37.451+0000] {dag.py:3036} INFO - Sync 1 DAGs
[2026-05-18T17:52:37.460+0000] {logging_mixin.py:188} INFO - [2026-05-18T17:52:37.460+0000] {dag.py:3823} INFO - Setting next_dagrun for chicago_crimes_ingestion to 2026-05-17 00:00:00+00:00, run_after=2026-05-18 00:00:00+00:00
[2026-05-18T17:52:37.474+0000] {processor.py:183} INFO - Processing /opt/airflow/dags/chicago_crimes_dag.py took 0.220 seconds
[2026-05-18T17:53:07.818+0000] {processor.py:161} INFO - Started process (PID=755) to work on /opt/airflow/dags/chicago_crimes_dag.py
[2026-05-18T17:53:07.820+0000] {processor.py:830} INFO - Processing file /opt/airflow/dags/chicago_crimes_dag.py for tasks to queue
[2026-05-18T17:53:07.821+0000] {logging_mixin.py:188} INFO - [2026-05-18T17:53:07.821+0000] {dagbag.py:538} INFO - Filling up the DagBag from /opt/airflow/dags/chicago_crimes_dag.py
[2026-05-18T17:53:07.952+0000] {processor.py:840} INFO - DAG(s) 'chicago_crimes_ingestion' retrieved from /opt/airflow/dags/chicago_crimes_dag.py
[2026-05-18T17:53:07.964+0000] {logging_mixin.py:188} INFO - [2026-05-18T17:53:07.964+0000] {dag.py:3036} INFO - Sync 1 DAGs
[2026-05-18T17:53:07.975+0000] {logging_mixin.py:188} INFO - [2026-05-18T17:53:07.975+0000] {dag.py:3823} INFO - Setting next_dagrun for chicago_crimes_ingestion to 2026-05-17 00:00:00+00:00, run_after=2026-05-18 00:00:00+00:00
[2026-05-18T17:53:08.109+0000] {processor.py:183} INFO - Processing /opt/airflow/dags/chicago_crimes_dag.py took 0.296 seconds
[2026-05-18T17:53:38.223+0000] {processor.py:161} INFO - Started process (PID=761) to work on /opt/airflow/dags/chicago_crimes_dag.py
[2026-05-18T17:53:38.224+0000] {processor.py:830} INFO - Processing file /opt/airflow/dags/chicago_crimes_dag.py for tasks to queue
[2026-05-18T17:53:38.225+0000] {logging_mixin.py:188} INFO - [2026-05-18T17:53:38.224+0000] {dagbag.py:538} INFO - Filling up the DagBag from /opt/airflow/dags/chicago_crimes_dag.py
[2026-05-18T17:53:38.398+0000] {processor.py:840} INFO - DAG(s) 'chicago_crimes_ingestion' retrieved from /opt/airflow/dags/chicago_crimes_dag.py
[2026-05-18T17:53:38.416+0000] {logging_mixin.py:188} INFO - [2026-05-18T17:53:38.415+0000] {dag.py:3036} INFO - Sync 1 DAGs
[2026-05-18T17:53:38.556+0000] {logging_mixin.py:188} INFO - [2026-05-18T17:53:38.556+0000] {dag.py:3823} INFO - Setting next_dagrun for chicago_crimes_ingestion to 2026-05-17 00:00:00+00:00, run_after=2026-05-18 00:00:00+00:00
[2026-05-18T17:53:38.562+0000] {processor.py:183} INFO - Processing /opt/airflow/dags/chicago_crimes_dag.py took 0.343 seconds
[2026-05-18T17:54:08.942+0000] {processor.py:161} INFO - Started process (PID=767) to work on /opt/airflow/dags/chicago_crimes_dag.py
[2026-05-18T17:54:08.943+0000] {processor.py:830} INFO - Processing file /opt/airflow/dags/chicago_crimes_dag.py for tasks to queue
[2026-05-18T17:54:08.944+0000] {logging_mixin.py:188} INFO - [2026-05-18T17:54:08.944+0000] {dagbag.py:538} INFO - Filling up the DagBag from /opt/airflow/dags/chicago_crimes_dag.py
[2026-05-18T17:54:09.082+0000] {processor.py:840} INFO - DAG(s) 'chicago_crimes_ingestion' retrieved from /opt/airflow/dags/chicago_crimes_dag.py
[2026-05-18T17:54:09.101+0000] {logging_mixin.py:188} INFO - [2026-05-18T17:54:09.101+0000] {dag.py:3036} INFO - Sync 1 DAGs
[2026-05-18T17:54:09.111+0000] {logging_mixin.py:188} INFO - [2026-05-18T17:54:09.111+0000] {dag.py:3823} INFO - Setting next_dagrun for chicago_crimes_ingestion to 2026-05-17 00:00:00+00:00, run_after=2026-05-18 00:00:00+00:00
[2026-05-18T17:54:09.119+0000] {processor.py:183} INFO - Processing /opt/airflow/dags/chicago_crimes_dag.py took 0.184 seconds
[2026-05-18T17:54:39.438+0000] {processor.py:161} INFO - Started process (PID=773) to work on /opt/airflow/dags/chicago_crimes_dag.py
[2026-05-18T17:54:39.445+0000] {processor.py:830} INFO - Processing file /opt/airflow/dags/chicago_crimes_dag.py for tasks to queue
[2026-05-18T17:54:39.446+0000] {logging_mixin.py:188} INFO - [2026-05-18T17:54:39.446+0000] {dagbag.py:538} INFO - Filling up the DagBag from /opt/airflow/dags/chicago_crimes_dag.py
[2026-05-18T17:54:39.612+0000] {processor.py:840} INFO - DAG(s) 'chicago_crimes_ingestion' retrieved from /opt/airflow/dags/chicago_crimes_dag.py
[2026-05-18T17:54:39.630+0000] {logging_mixin.py:188} INFO - [2026-05-18T17:54:39.630+0000] {dag.py:3036} INFO - Sync 1 DAGs
[2026-05-18T17:54:39.639+0000] {logging_mixin.py:188} INFO - [2026-05-18T17:54:39.639+0000] {dag.py:3823} INFO - Setting next_dagrun for chicago_crimes_ingestion to 2026-05-17 00:00:00+00:00, run_after=2026-05-18 00:00:00+00:00
[2026-05-18T17:54:39.646+0000] {processor.py:183} INFO - Processing /opt/airflow/dags/chicago_crimes_dag.py took 0.216 seconds
[2026-05-18T17:55:09.992+0000] {processor.py:161} INFO - Started process (PID=779) to work on /opt/airflow/dags/chicago_crimes_dag.py
[2026-05-18T17:55:09.994+0000] {processor.py:830} INFO - Processing file /opt/airflow/dags/chicago_crimes_dag.py for tasks to queue
[2026-05-18T17:55:09.995+0000] {logging_mixin.py:188} INFO - [2026-05-18T17:55:09.994+0000] {dagbag.py:538} INFO - Filling up the DagBag from /opt/airflow/dags/chicago_crimes_dag.py
[2026-05-18T17:55:10.112+0000] {processor.py:840} INFO - DAG(s) 'chicago_crimes_ingestion' retrieved from /opt/airflow/dags/chicago_crimes_dag.py
[2026-05-18T17:55:10.122+0000] {logging_mixin.py:188} INFO - [2026-05-18T17:55:10.121+0000] {dag.py:3036} INFO - Sync 1 DAGs
[2026-05-18T17:55:10.129+0000] {logging_mixin.py:188} INFO - [2026-05-18T17:55:10.129+0000] {dag.py:3823} INFO - Setting next_dagrun for chicago_crimes_ingestion to 2026-05-17 00:00:00+00:00, run_after=2026-05-18 00:00:00+00:00
[2026-05-18T17:55:10.135+0000] {processor.py:183} INFO - Processing /opt/airflow/dags/chicago_crimes_dag.py took 0.149 seconds
[2026-05-18T17:55:40.471+0000] {processor.py:161} INFO - Started process (PID=785) to work on /opt/airflow/dags/chicago_crimes_dag.py
[2026-05-18T17:55:40.473+0000] {processor.py:830} INFO - Processing file /opt/airflow/dags/chicago_crimes_dag.py for tasks to queue
[2026-05-18T17:55:40.474+0000] {logging_mixin.py:188} INFO - [2026-05-18T17:55:40.473+0000] {dagbag.py:538} INFO - Filling up the DagBag from /opt/airflow/dags/chicago_crimes_dag.py
[2026-05-18T17:55:40.629+0000] {processor.py:840} INFO - DAG(s) 'chicago_crimes_ingestion' retrieved from /opt/airflow/dags/chicago_crimes_dag.py
[2026-05-18T17:55:40.646+0000] {logging_mixin.py:188} INFO - [2026-05-18T17:55:40.646+0000] {dag.py:3036} INFO - Sync 1 DAGs
[2026-05-18T17:55:40.656+0000] {logging_mixin.py:188} INFO - [2026-05-18T17:55:40.656+0000] {dag.py:3823} INFO - Setting next_dagrun for chicago_crimes_ingestion to 2026-05-17 00:00:00+00:00, run_after=2026-05-18 00:00:00+00:00
[2026-05-18T17:55:40.668+0000] {processor.py:183} INFO - Processing /opt/airflow/dags/chicago_crimes_dag.py took 0.201 seconds
[2026-05-18T17:56:10.880+0000] {processor.py:161} INFO - Started process (PID=791) to work on /opt/airflow/dags/chicago_crimes_dag.py
[2026-05-18T17:56:10.882+0000] {processor.py:830} INFO - Processing file /opt/airflow/dags/chicago_crimes_dag.py for tasks to queue
[2026-05-18T17:56:10.883+0000] {logging_mixin.py:188} INFO - [2026-05-18T17:56:10.883+0000] {dagbag.py:538} INFO - Filling up the DagBag from /opt/airflow/dags/chicago_crimes_dag.py
[2026-05-18T17:56:10.992+0000] {processor.py:840} INFO - DAG(s) 'chicago_crimes_ingestion' retrieved from /opt/airflow/dags/chicago_crimes_dag.py
[2026-05-18T17:56:11.003+0000] {logging_mixin.py:188} INFO - [2026-05-18T17:56:11.003+0000] {dag.py:3036} INFO - Sync 1 DAGs
[2026-05-18T17:56:11.012+0000] {logging_mixin.py:188} INFO - [2026-05-18T17:56:11.012+0000] {dag.py:3823} INFO - Setting next_dagrun for chicago_crimes_ingestion to 2026-05-17 00:00:00+00:00, run_after=2026-05-18 00:00:00+00:00
[2026-05-18T17:56:11.132+0000] {processor.py:183} INFO - Processing /opt/airflow/dags/chicago_crimes_dag.py took 0.257 seconds
[2026-05-18T17:56:41.473+0000] {processor.py:161} INFO - Started process (PID=797) to work on /opt/airflow/dags/chicago_crimes_dag.py
[2026-05-18T17:56:41.475+0000] {processor.py:830} INFO - Processing file /opt/airflow/dags/chicago_crimes_dag.py for tasks to queue
[2026-05-18T17:56:41.476+0000] {logging_mixin.py:188} INFO - [2026-05-18T17:56:41.475+0000] {dagbag.py:538} INFO - Filling up the DagBag from /opt/airflow/dags/chicago_crimes_dag.py
[2026-05-18T17:56:41.644+0000] {processor.py:840} INFO - DAG(s) 'chicago_crimes_ingestion' retrieved from /opt/airflow/dags/chicago_crimes_dag.py
[2026-05-18T17:56:41.660+0000] {logging_mixin.py:188} INFO - [2026-05-18T17:56:41.660+0000] {dag.py:3036} INFO - Sync 1 DAGs
[2026-05-18T17:56:41.767+0000] {logging_mixin.py:188} INFO - [2026-05-18T17:56:41.767+0000] {dag.py:3823} INFO - Setting next_dagrun for chicago_crimes_ingestion to 2026-05-17 00:00:00+00:00, run_after=2026-05-18 00:00:00+00:00
[2026-05-18T17:56:41.773+0000] {processor.py:183} INFO - Processing /opt/airflow/dags/chicago_crimes_dag.py took 0.305 seconds
[2026-05-18T17:57:12.022+0000] {processor.py:161} INFO - Started process (PID=803) to work on /opt/airflow/dags/chicago_crimes_dag.py
[2026-05-18T17:57:12.025+0000] {processor.py:830} INFO - Processing file /opt/airflow/dags/chicago_crimes_dag.py for tasks to queue
[2026-05-18T17:57:12.026+0000] {logging_mixin.py:188} INFO - [2026-05-18T17:57:12.026+0000] {dagbag.py:538} INFO - Filling up the DagBag from /opt/airflow/dags/chicago_crimes_dag.py
[2026-05-18T17:57:12.222+0000] {processor.py:840} INFO - DAG(s) 'chicago_crimes_ingestion' retrieved from /opt/airflow/dags/chicago_crimes_dag.py
[2026-05-18T17:57:12.239+0000] {logging_mixin.py:188} INFO - [2026-05-18T17:57:12.239+0000] {dag.py:3036} INFO - Sync 1 DAGs
[2026-05-18T17:57:12.254+0000] {logging_mixin.py:188} INFO - [2026-05-18T17:57:12.254+0000] {dag.py:3823} INFO - Setting next_dagrun for chicago_crimes_ingestion to 2026-05-17 00:00:00+00:00, run_after=2026-05-18 00:00:00+00:00
[2026-05-18T17:57:12.263+0000] {processor.py:183} INFO - Processing /opt/airflow/dags/chicago_crimes_dag.py took 0.258 seconds
[2026-05-18T17:57:42.653+0000] {processor.py:161} INFO - Started process (PID=809) to work on /opt/airflow/dags/chicago_crimes_dag.py
[2026-05-18T17:57:42.656+0000] {processor.py:830} INFO - Processing file /opt/airflow/dags/chicago_crimes_dag.py for tasks to queue
[2026-05-18T17:57:42.657+0000] {logging_mixin.py:188} INFO - [2026-05-18T17:57:42.656+0000] {dagbag.py:538} INFO - Filling up the DagBag from /opt/airflow/dags/chicago_crimes_dag.py
[2026-05-18T17:57:42.845+0000] {processor.py:840} INFO - DAG(s) 'chicago_crimes_ingestion' retrieved from /opt/airflow/dags/chicago_crimes_dag.py
[2026-05-18T17:57:42.866+0000] {logging_mixin.py:188} INFO - [2026-05-18T17:57:42.866+0000] {dag.py:3036} INFO - Sync 1 DAGs
[2026-05-18T17:57:42.886+0000] {logging_mixin.py:188} INFO - [2026-05-18T17:57:42.886+0000] {dag.py:3823} INFO - Setting next_dagrun for chicago_crimes_ingestion to 2026-05-17 00:00:00+00:00, run_after=2026-05-18 00:00:00+00:00
[2026-05-18T17:57:42.894+0000] {processor.py:183} INFO - Processing /opt/airflow/dags/chicago_crimes_dag.py took 0.247 seconds
[2026-05-18T17:58:13.268+0000] {processor.py:161} INFO - Started process (PID=815) to work on /opt/airflow/dags/chicago_crimes_dag.py
[2026-05-18T17:58:13.271+0000] {processor.py:830} INFO - Processing file /opt/airflow/dags/chicago_crimes_dag.py for tasks to queue
[2026-05-18T17:58:13.273+0000] {logging_mixin.py:188} INFO - [2026-05-18T17:58:13.272+0000] {dagbag.py:538} INFO - Filling up the DagBag from /opt/airflow/dags/chicago_crimes_dag.py
[2026-05-18T17:58:13.463+0000] {processor.py:840} INFO - DAG(s) 'chicago_crimes_ingestion' retrieved from /opt/airflow/dags/chicago_crimes_dag.py
[2026-05-18T17:58:13.480+0000] {logging_mixin.py:188} INFO - [2026-05-18T17:58:13.480+0000] {dag.py:3036} INFO - Sync 1 DAGs
[2026-05-18T17:58:13.491+0000] {logging_mixin.py:188} INFO - [2026-05-18T17:58:13.491+0000] {dag.py:3823} INFO - Setting next_dagrun for chicago_crimes_ingestion to 2026-05-17 00:00:00+00:00, run_after=2026-05-18 00:00:00+00:00
[2026-05-18T17:58:13.499+0000] {processor.py:183} INFO - Processing /opt/airflow/dags/chicago_crimes_dag.py took 0.240 seconds
[2026-05-18T17:58:43.777+0000] {processor.py:161} INFO - Started process (PID=821) to work on /opt/airflow/dags/chicago_crimes_dag.py
[2026-05-18T17:58:43.780+0000] {processor.py:830} INFO - Processing file /opt/airflow/dags/chicago_crimes_dag.py for tasks to queue
[2026-05-18T17:58:43.781+0000] {logging_mixin.py:188} INFO - [2026-05-18T17:58:43.781+0000] {dagbag.py:538} INFO - Filling up the DagBag from /opt/airflow/dags/chicago_crimes_dag.py
[2026-05-18T17:58:43.958+0000] {processor.py:840} INFO - DAG(s) 'chicago_crimes_ingestion' retrieved from /opt/airflow/dags/chicago_crimes_dag.py
[2026-05-18T17:58:43.974+0000] {logging_mixin.py:188} INFO - [2026-05-18T17:58:43.974+0000] {dag.py:3036} INFO - Sync 1 DAGs
[2026-05-18T17:58:43.985+0000] {logging_mixin.py:188} INFO - [2026-05-18T17:58:43.985+0000] {dag.py:3823} INFO - Setting next_dagrun for chicago_crimes_ingestion to 2026-05-17 00:00:00+00:00, run_after=2026-05-18 00:00:00+00:00
[2026-05-18T17:58:44.116+0000] {processor.py:183} INFO - Processing /opt/airflow/dags/chicago_crimes_dag.py took 0.347 seconds
[2026-05-18T17:59:14.417+0000] {processor.py:161} INFO - Started process (PID=827) to work on /opt/airflow/dags/chicago_crimes_dag.py
[2026-05-18T17:59:14.426+0000] {processor.py:830} INFO - Processing file /opt/airflow/dags/chicago_crimes_dag.py for tasks to queue
[2026-05-18T17:59:14.427+0000] {logging_mixin.py:188} INFO - [2026-05-18T17:59:14.427+0000] {dagbag.py:538} INFO - Filling up the DagBag from /opt/airflow/dags/chicago_crimes_dag.py
[2026-05-18T17:59:14.592+0000] {processor.py:840} INFO - DAG(s) 'chicago_crimes_ingestion' retrieved from /opt/airflow/dags/chicago_crimes_dag.py
[2026-05-18T17:59:14.615+0000] {logging_mixin.py:188} INFO - [2026-05-18T17:59:14.615+0000] {dag.py:3036} INFO - Sync 1 DAGs
[2026-05-18T17:59:14.753+0000] {logging_mixin.py:188} INFO - [2026-05-18T17:59:14.753+0000] {dag.py:3823} INFO - Setting next_dagrun for chicago_crimes_ingestion to 2026-05-17 00:00:00+00:00, run_after=2026-05-18 00:00:00+00:00
[2026-05-18T17:59:14.760+0000] {processor.py:183} INFO - Processing /opt/airflow/dags/chicago_crimes_dag.py took 0.350 seconds
[2026-05-18T17:59:45.081+0000] {processor.py:161} INFO - Started process (PID=833) to work on /opt/airflow/dags/chicago_crimes_dag.py
[2026-05-18T17:59:45.083+0000] {processor.py:830} INFO - Processing file /opt/airflow/dags/chicago_crimes_dag.py for tasks to queue
[2026-05-18T17:59:45.084+0000] {logging_mixin.py:188} INFO - [2026-05-18T17:59:45.084+0000] {dagbag.py:538} INFO - Filling up the DagBag from /opt/airflow/dags/chicago_crimes_dag.py
[2026-05-18T17:59:45.226+0000] {processor.py:840} INFO - DAG(s) 'chicago_crimes_ingestion' retrieved from /opt/airflow/dags/chicago_crimes_dag.py
[2026-05-18T17:59:45.242+0000] {logging_mixin.py:188} INFO - [2026-05-18T17:59:45.242+0000] {dag.py:3036} INFO - Sync 1 DAGs
[2026-05-18T17:59:45.371+0000] {logging_mixin.py:188} INFO - [2026-05-18T17:59:45.370+0000] {dag.py:3823} INFO - Setting next_dagrun for chicago_crimes_ingestion to 2026-05-17 00:00:00+00:00, run_after=2026-05-18 00:00:00+00:00
[2026-05-18T17:59:45.378+0000] {processor.py:183} INFO - Processing /opt/airflow/dags/chicago_crimes_dag.py took 0.303 seconds
[2026-05-18T18:00:15.643+0000] {processor.py:161} INFO - Started process (PID=839) to work on /opt/airflow/dags/chicago_crimes_dag.py
[2026-05-18T18:00:15.644+0000] {processor.py:830} INFO - Processing file /opt/airflow/dags/chicago_crimes_dag.py for tasks to queue
[2026-05-18T18:00:15.645+0000] {logging_mixin.py:188} INFO - [2026-05-18T18:00:15.645+0000] {dagbag.py:538} INFO - Filling up the DagBag from /opt/airflow/dags/chicago_crimes_dag.py
[2026-05-18T18:00:15.818+0000] {processor.py:840} INFO - DAG(s) 'chicago_crimes_ingestion' retrieved from /opt/airflow/dags/chicago_crimes_dag.py
[2026-05-18T18:00:15.834+0000] {logging_mixin.py:188} INFO - [2026-05-18T18:00:15.834+0000] {dag.py:3036} INFO - Sync 1 DAGs
[2026-05-18T18:00:15.852+0000] {logging_mixin.py:188} INFO - [2026-05-18T18:00:15.852+0000] {dag.py:3823} INFO - Setting next_dagrun for chicago_crimes_ingestion to 2026-05-17 00:00:00+00:00, run_after=2026-05-18 00:00:00+00:00
[2026-05-18T18:00:15.860+0000] {processor.py:183} INFO - Processing /opt/airflow/dags/chicago_crimes_dag.py took 0.224 seconds
[2026-05-18T18:00:46.227+0000] {processor.py:161} INFO - Started process (PID=845) to work on /opt/airflow/dags/chicago_crimes_dag.py
[2026-05-18T18:00:46.229+0000] {processor.py:830} INFO - Processing file /opt/airflow/dags/chicago_crimes_dag.py for tasks to queue
[2026-05-18T18:00:46.231+0000] {logging_mixin.py:188} INFO - [2026-05-18T18:00:46.230+0000] {dagbag.py:538} INFO - Filling up the DagBag from /opt/airflow/dags/chicago_crimes_dag.py
[2026-05-18T18:00:46.376+0000] {processor.py:840} INFO - DAG(s) 'chicago_crimes_ingestion' retrieved from /opt/airflow/dags/chicago_crimes_dag.py
[2026-05-18T18:00:46.391+0000] {logging_mixin.py:188} INFO - [2026-05-18T18:00:46.391+0000] {dag.py:3036} INFO - Sync 1 DAGs
[2026-05-18T18:00:46.405+0000] {logging_mixin.py:188} INFO - [2026-05-18T18:00:46.405+0000] {dag.py:3823} INFO - Setting next_dagrun for chicago_crimes_ingestion to 2026-05-17 00:00:00+00:00, run_after=2026-05-18 00:00:00+00:00
[2026-05-18T18:00:46.412+0000] {processor.py:183} INFO - Processing /opt/airflow/dags/chicago_crimes_dag.py took 0.189 seconds
[2026-05-18T18:01:16.666+0000] {processor.py:161} INFO - Started process (PID=851) to work on /opt/airflow/dags/chicago_crimes_dag.py
[2026-05-18T18:01:16.667+0000] {processor.py:830} INFO - Processing file /opt/airflow/dags/chicago_crimes_dag.py for tasks to queue
[2026-05-18T18:01:16.668+0000] {logging_mixin.py:188} INFO - [2026-05-18T18:01:16.668+0000] {dagbag.py:538} INFO - Filling up the DagBag from /opt/airflow/dags/chicago_crimes_dag.py
[2026-05-18T18:01:16.798+0000] {processor.py:840} INFO - DAG(s) 'chicago_crimes_ingestion' retrieved from /opt/airflow/dags/chicago_crimes_dag.py
[2026-05-18T18:01:16.811+0000] {logging_mixin.py:188} INFO - [2026-05-18T18:01:16.810+0000] {dag.py:3036} INFO - Sync 1 DAGs
[2026-05-18T18:01:16.820+0000] {logging_mixin.py:188} INFO - [2026-05-18T18:01:16.820+0000] {dag.py:3823} INFO - Setting next_dagrun for chicago_crimes_ingestion to 2026-05-17 00:00:00+00:00, run_after=2026-05-18 00:00:00+00:00
[2026-05-18T18:01:16.828+0000] {processor.py:183} INFO - Processing /opt/airflow/dags/chicago_crimes_dag.py took 0.167 seconds
[2026-05-18T18:01:47.299+0000] {processor.py:161} INFO - Started process (PID=857) to work on /opt/airflow/dags/chicago_crimes_dag.py
[2026-05-18T18:01:47.301+0000] {processor.py:830} INFO - Processing file /opt/airflow/dags/chicago_crimes_dag.py for tasks to queue
[2026-05-18T18:01:47.302+0000] {logging_mixin.py:188} INFO - [2026-05-18T18:01:47.302+0000] {dagbag.py:538} INFO - Filling up the DagBag from /opt/airflow/dags/chicago_crimes_dag.py
[2026-05-18T18:01:47.433+0000] {processor.py:840} INFO - DAG(s) 'chicago_crimes_ingestion' retrieved from /opt/airflow/dags/chicago_crimes_dag.py
[2026-05-18T18:01:47.444+0000] {logging_mixin.py:188} INFO - [2026-05-18T18:01:47.444+0000] {dag.py:3036} INFO - Sync 1 DAGs
[2026-05-18T18:01:47.453+0000] {logging_mixin.py:188} INFO - [2026-05-18T18:01:47.453+0000] {dag.py:3823} INFO - Setting next_dagrun for chicago_crimes_ingestion to 2026-05-17 00:00:00+00:00, run_after=2026-05-18 00:00:00+00:00
[2026-05-18T18:01:47.574+0000] {processor.py:183} INFO - Processing /opt/airflow/dags/chicago_crimes_dag.py took 0.279 seconds
[2026-05-18T18:02:17.740+0000] {processor.py:161} INFO - Started process (PID=863) to work on /opt/airflow/dags/chicago_crimes_dag.py
[2026-05-18T18:02:17.742+0000] {processor.py:830} INFO - Processing file /opt/airflow/dags/chicago_crimes_dag.py for tasks to queue
[2026-05-18T18:02:17.744+0000] {logging_mixin.py:188} INFO - [2026-05-18T18:02:17.743+0000] {dagbag.py:538} INFO - Filling up the DagBag from /opt/airflow/dags/chicago_crimes_dag.py
[2026-05-18T18:02:17.908+0000] {processor.py:840} INFO - DAG(s) 'chicago_crimes_ingestion' retrieved from /opt/airflow/dags/chicago_crimes_dag.py
[2026-05-18T18:02:17.929+0000] {logging_mixin.py:188} INFO - [2026-05-18T18:02:17.929+0000] {dag.py:3036} INFO - Sync 1 DAGs
[2026-05-18T18:02:18.060+0000] {logging_mixin.py:188} INFO - [2026-05-18T18:02:18.060+0000] {dag.py:3823} INFO - Setting next_dagrun for chicago_crimes_ingestion to 2026-05-17 00:00:00+00:00, run_after=2026-05-18 00:00:00+00:00
[2026-05-18T18:02:18.066+0000] {processor.py:183} INFO - Processing /opt/airflow/dags/chicago_crimes_dag.py took 0.340 seconds
[2026-05-18T18:02:48.459+0000] {processor.py:161} INFO - Started process (PID=869) to work on /opt/airflow/dags/chicago_crimes_dag.py
[2026-05-18T18:02:48.466+0000] {processor.py:830} INFO - Processing file /opt/airflow/dags/chicago_crimes_dag.py for tasks to queue
[2026-05-18T18:02:48.468+0000] {logging_mixin.py:188} INFO - [2026-05-18T18:02:48.467+0000] {dagbag.py:538} INFO - Filling up the DagBag from /opt/airflow/dags/chicago_crimes_dag.py
[2026-05-18T18:02:48.627+0000] {processor.py:840} INFO - DAG(s) 'chicago_crimes_ingestion' retrieved from /opt/airflow/dags/chicago_crimes_dag.py
[2026-05-18T18:02:48.644+0000] {logging_mixin.py:188} INFO - [2026-05-18T18:02:48.644+0000] {dag.py:3036} INFO - Sync 1 DAGs
[2026-05-18T18:02:48.654+0000] {logging_mixin.py:188} INFO - [2026-05-18T18:02:48.654+0000] {dag.py:3823} INFO - Setting next_dagrun for chicago_crimes_ingestion to 2026-05-17 00:00:00+00:00, run_after=2026-05-18 00:00:00+00:00
[2026-05-18T18:02:48.661+0000] {processor.py:183} INFO - Processing /opt/airflow/dags/chicago_crimes_dag.py took 0.207 seconds
[2026-05-18T18:03:18.958+0000] {processor.py:161} INFO - Started process (PID=875) to work on /opt/airflow/dags/chicago_crimes_dag.py
[2026-05-18T18:03:18.961+0000] {processor.py:830} INFO - Processing file /opt/airflow/dags/chicago_crimes_dag.py for tasks to queue
[2026-05-18T18:03:18.962+0000] {logging_mixin.py:188} INFO - [2026-05-18T18:03:18.961+0000] {dagbag.py:538} INFO - Filling up the DagBag from /opt/airflow/dags/chicago_crimes_dag.py
[2026-05-18T18:03:19.118+0000] {processor.py:840} INFO - DAG(s) 'chicago_crimes_ingestion' retrieved from /opt/airflow/dags/chicago_crimes_dag.py
[2026-05-18T18:03:19.131+0000] {logging_mixin.py:188} INFO - [2026-05-18T18:03:19.131+0000] {dag.py:3036} INFO - Sync 1 DAGs
[2026-05-18T18:03:19.147+0000] {logging_mixin.py:188} INFO - [2026-05-18T18:03:19.147+0000] {dag.py:3823} INFO - Setting next_dagrun for chicago_crimes_ingestion to 2026-05-17 00:00:00+00:00, run_after=2026-05-18 00:00:00+00:00
[2026-05-18T18:03:19.157+0000] {processor.py:183} INFO - Processing /opt/airflow/dags/chicago_crimes_dag.py took 0.205 seconds
[2026-05-18T18:03:49.450+0000] {processor.py:161} INFO - Started process (PID=881) to work on /opt/airflow/dags/chicago_crimes_dag.py
[2026-05-18T18:03:49.452+0000] {processor.py:830} INFO - Processing file /opt/airflow/dags/chicago_crimes_dag.py for tasks to queue
[2026-05-18T18:03:49.454+0000] {logging_mixin.py:188} INFO - [2026-05-18T18:03:49.453+0000] {dagbag.py:538} INFO - Filling up the DagBag from /opt/airflow/dags/chicago_crimes_dag.py
[2026-05-18T18:03:49.629+0000] {processor.py:840} INFO - DAG(s) 'chicago_crimes_ingestion' retrieved from /opt/airflow/dags/chicago_crimes_dag.py
[2026-05-18T18:03:49.642+0000] {logging_mixin.py:188} INFO - [2026-05-18T18:03:49.642+0000] {dag.py:3036} INFO - Sync 1 DAGs
[2026-05-18T18:03:49.654+0000] {logging_mixin.py:188} INFO - [2026-05-18T18:03:49.654+0000] {dag.py:3823} INFO - Setting next_dagrun for chicago_crimes_ingestion to 2026-05-17 00:00:00+00:00, run_after=2026-05-18 00:00:00+00:00
[2026-05-18T18:03:49.661+0000] {processor.py:183} INFO - Processing /opt/airflow/dags/chicago_crimes_dag.py took 0.216 seconds
[2026-05-18T18:04:19.949+0000] {processor.py:161} INFO - Started process (PID=887) to work on /opt/airflow/dags/chicago_crimes_dag.py
[2026-05-18T18:04:19.951+0000] {processor.py:830} INFO - Processing file /opt/airflow/dags/chicago_crimes_dag.py for tasks to queue
[2026-05-18T18:04:19.951+0000] {logging_mixin.py:188} INFO - [2026-05-18T18:04:19.951+0000] {dagbag.py:538} INFO - Filling up the DagBag from /opt/airflow/dags/chicago_crimes_dag.py
[2026-05-18T18:04:20.100+0000] {processor.py:840} INFO - DAG(s) 'chicago_crimes_ingestion' retrieved from /opt/airflow/dags/chicago_crimes_dag.py
[2026-05-18T18:04:20.115+0000] {logging_mixin.py:188} INFO - [2026-05-18T18:04:20.114+0000] {dag.py:3036} INFO - Sync 1 DAGs
[2026-05-18T18:04:20.127+0000] {logging_mixin.py:188} INFO - [2026-05-18T18:04:20.127+0000] {dag.py:3823} INFO - Setting next_dagrun for chicago_crimes_ingestion to 2026-05-17 00:00:00+00:00, run_after=2026-05-18 00:00:00+00:00
[2026-05-18T18:04:20.134+0000] {processor.py:183} INFO - Processing /opt/airflow/dags/chicago_crimes_dag.py took 0.193 seconds
[2026-05-18T18:04:50.572+0000] {processor.py:161} INFO - Started process (PID=893) to work on /opt/airflow/dags/chicago_crimes_dag.py
[2026-05-18T18:04:50.574+0000] {processor.py:830} INFO - Processing file /opt/airflow/dags/chicago_crimes_dag.py for tasks to queue
[2026-05-18T18:04:50.575+0000] {logging_mixin.py:188} INFO - [2026-05-18T18:04:50.574+0000] {dagbag.py:538} INFO - Filling up the DagBag from /opt/airflow/dags/chicago_crimes_dag.py
[2026-05-18T18:04:50.721+0000] {processor.py:840} INFO - DAG(s) 'chicago_crimes_ingestion' retrieved from /opt/airflow/dags/chicago_crimes_dag.py
[2026-05-18T18:04:50.740+0000] {logging_mixin.py:188} INFO - [2026-05-18T18:04:50.739+0000] {dag.py:3036} INFO - Sync 1 DAGs
[2026-05-18T18:04:50.750+0000] {logging_mixin.py:188} INFO - [2026-05-18T18:04:50.750+0000] {dag.py:3823} INFO - Setting next_dagrun for chicago_crimes_ingestion to 2026-05-17 00:00:00+00:00, run_after=2026-05-18 00:00:00+00:00
[2026-05-18T18:04:50.887+0000] {processor.py:183} INFO - Processing /opt/airflow/dags/chicago_crimes_dag.py took 0.324 seconds
[2026-05-18T18:05:21.039+0000] {processor.py:161} INFO - Started process (PID=899) to work on /opt/airflow/dags/chicago_crimes_dag.py
[2026-05-18T18:05:21.041+0000] {processor.py:830} INFO - Processing file /opt/airflow/dags/chicago_crimes_dag.py for tasks to queue
[2026-05-18T18:05:21.042+0000] {logging_mixin.py:188} INFO - [2026-05-18T18:05:21.042+0000] {dagbag.py:538} INFO - Filling up the DagBag from /opt/airflow/dags/chicago_crimes_dag.py
[2026-05-18T18:05:21.171+0000] {processor.py:840} INFO - DAG(s) 'chicago_crimes_ingestion' retrieved from /opt/airflow/dags/chicago_crimes_dag.py
[2026-05-18T18:05:21.180+0000] {logging_mixin.py:188} INFO - [2026-05-18T18:05:21.180+0000] {dag.py:3036} INFO - Sync 1 DAGs
[2026-05-18T18:05:21.250+0000] {logging_mixin.py:188} INFO - [2026-05-18T18:05:21.250+0000] {dag.py:3823} INFO - Setting next_dagrun for chicago_crimes_ingestion to 2026-05-17 00:00:00+00:00, run_after=2026-05-18 00:00:00+00:00
[2026-05-18T18:05:21.256+0000] {processor.py:183} INFO - Processing /opt/airflow/dags/chicago_crimes_dag.py took 0.223 seconds
[2026-05-18T18:05:51.443+0000] {processor.py:161} INFO - Started process (PID=905) to work on /opt/airflow/dags/chicago_crimes_dag.py
[2026-05-18T18:05:51.446+0000] {processor.py:830} INFO - Processing file /opt/airflow/dags/chicago_crimes_dag.py for tasks to queue
[2026-05-18T18:05:51.447+0000] {logging_mixin.py:188} INFO - [2026-05-18T18:05:51.446+0000] {dagbag.py:538} INFO - Filling up the DagBag from /opt/airflow/dags/chicago_crimes_dag.py
[2026-05-18T18:05:51.559+0000] {processor.py:840} INFO - DAG(s) 'chicago_crimes_ingestion' retrieved from /opt/airflow/dags/chicago_crimes_dag.py
[2026-05-18T18:05:51.579+0000] {logging_mixin.py:188} INFO - [2026-05-18T18:05:51.578+0000] {dag.py:3036} INFO - Sync 1 DAGs
[2026-05-18T18:05:51.698+0000] {logging_mixin.py:188} INFO - [2026-05-18T18:05:51.698+0000] {dag.py:3823} INFO - Setting next_dagrun for chicago_crimes_ingestion to 2026-05-17 00:00:00+00:00, run_after=2026-05-18 00:00:00+00:00
[2026-05-18T18:05:51.704+0000] {processor.py:183} INFO - Processing /opt/airflow/dags/chicago_crimes_dag.py took 0.265 seconds
[2026-05-18T18:06:22.120+0000] {processor.py:161} INFO - Started process (PID=911) to work on /opt/airflow/dags/chicago_crimes_dag.py
[2026-05-18T18:06:22.122+0000] {processor.py:830} INFO - Processing file /opt/airflow/dags/chicago_crimes_dag.py for tasks to queue
[2026-05-18T18:06:22.123+0000] {logging_mixin.py:188} INFO - [2026-05-18T18:06:22.122+0000] {dagbag.py:538} INFO - Filling up the DagBag from /opt/airflow/dags/chicago_crimes_dag.py
[2026-05-18T18:06:22.279+0000] {processor.py:840} INFO - DAG(s) 'chicago_crimes_ingestion' retrieved from /opt/airflow/dags/chicago_crimes_dag.py
[2026-05-18T18:06:22.290+0000] {logging_mixin.py:188} INFO - [2026-05-18T18:06:22.289+0000] {dag.py:3036} INFO - Sync 1 DAGs
[2026-05-18T18:06:22.297+0000] {logging_mixin.py:188} INFO - [2026-05-18T18:06:22.297+0000] {dag.py:3823} INFO - Setting next_dagrun for chicago_crimes_ingestion to 2026-05-17 00:00:00+00:00, run_after=2026-05-18 00:00:00+00:00
[2026-05-18T18:06:22.303+0000] {processor.py:183} INFO - Processing /opt/airflow/dags/chicago_crimes_dag.py took 0.187 seconds
[2026-05-18T18:06:52.543+0000] {processor.py:161} INFO - Started process (PID=917) to work on /opt/airflow/dags/chicago_crimes_dag.py
[2026-05-18T18:06:52.544+0000] {processor.py:830} INFO - Processing file /opt/airflow/dags/chicago_crimes_dag.py for tasks to queue
[2026-05-18T18:06:52.545+0000] {logging_mixin.py:188} INFO - [2026-05-18T18:06:52.545+0000] {dagbag.py:538} INFO - Filling up the DagBag from /opt/airflow/dags/chicago_crimes_dag.py
[2026-05-18T18:06:52.678+0000] {processor.py:840} INFO - DAG(s) 'chicago_crimes_ingestion' retrieved from /opt/airflow/dags/chicago_crimes_dag.py
[2026-05-18T18:06:52.691+0000] {logging_mixin.py:188} INFO - [2026-05-18T18:06:52.691+0000] {dag.py:3036} INFO - Sync 1 DAGs
[2026-05-18T18:06:52.703+0000] {logging_mixin.py:188} INFO - [2026-05-18T18:06:52.703+0000] {dag.py:3823} INFO - Setting next_dagrun for chicago_crimes_ingestion to 2026-05-17 00:00:00+00:00, run_after=2026-05-18 00:00:00+00:00
[2026-05-18T18:06:52.711+0000] {processor.py:183} INFO - Processing /opt/airflow/dags/chicago_crimes_dag.py took 0.173 seconds
[2026-05-18T18:07:22.981+0000] {processor.py:161} INFO - Started process (PID=923) to work on /opt/airflow/dags/chicago_crimes_dag.py
[2026-05-18T18:07:22.983+0000] {processor.py:830} INFO - Processing file /opt/airflow/dags/chicago_crimes_dag.py for tasks to queue
[2026-05-18T18:07:22.984+0000] {logging_mixin.py:188} INFO - [2026-05-18T18:07:22.984+0000] {dagbag.py:538} INFO - Filling up the DagBag from /opt/airflow/dags/chicago_crimes_dag.py
[2026-05-18T18:07:23.098+0000] {processor.py:840} INFO - DAG(s) 'chicago_crimes_ingestion' retrieved from /opt/airflow/dags/chicago_crimes_dag.py
[2026-05-18T18:07:23.107+0000] {logging_mixin.py:188} INFO - [2026-05-18T18:07:23.107+0000] {dag.py:3036} INFO - Sync 1 DAGs
[2026-05-18T18:07:23.115+0000] {logging_mixin.py:188} INFO - [2026-05-18T18:07:23.115+0000] {dag.py:3823} INFO - Setting next_dagrun for chicago_crimes_ingestion to 2026-05-17 00:00:00+00:00, run_after=2026-05-18 00:00:00+00:00
[2026-05-18T18:07:23.225+0000] {processor.py:183} INFO - Processing /opt/airflow/dags/chicago_crimes_dag.py took 0.248 seconds
[2026-05-18T18:07:53.453+0000] {processor.py:161} INFO - Started process (PID=929) to work on /opt/airflow/dags/chicago_crimes_dag.py
[2026-05-18T18:07:53.455+0000] {processor.py:830} INFO - Processing file /opt/airflow/dags/chicago_crimes_dag.py for tasks to queue
[2026-05-18T18:07:53.456+0000] {logging_mixin.py:188} INFO - [2026-05-18T18:07:53.456+0000] {dagbag.py:538} INFO - Filling up the DagBag from /opt/airflow/dags/chicago_crimes_dag.py
[2026-05-18T18:07:53.625+0000] {processor.py:840} INFO - DAG(s) 'chicago_crimes_ingestion' retrieved from /opt/airflow/dags/chicago_crimes_dag.py
[2026-05-18T18:07:53.638+0000] {logging_mixin.py:188} INFO - [2026-05-18T18:07:53.637+0000] {dag.py:3036} INFO - Sync 1 DAGs
[2026-05-18T18:07:53.747+0000] {logging_mixin.py:188} INFO - [2026-05-18T18:07:53.747+0000] {dag.py:3823} INFO - Setting next_dagrun for chicago_crimes_ingestion to 2026-05-17 00:00:00+00:00, run_after=2026-05-18 00:00:00+00:00
[2026-05-18T18:07:53.753+0000] {processor.py:183} INFO - Processing /opt/airflow/dags/chicago_crimes_dag.py took 0.306 seconds
[2026-05-18T18:08:24.060+0000] {processor.py:161} INFO - Started process (PID=935) to work on /opt/airflow/dags/chicago_crimes_dag.py
[2026-05-18T18:08:24.062+0000] {processor.py:830} INFO - Processing file /opt/airflow/dags/chicago_crimes_dag.py for tasks to queue
[2026-05-18T18:08:24.062+0000] {logging_mixin.py:188} INFO - [2026-05-18T18:08:24.062+0000] {dagbag.py:538} INFO - Filling up the DagBag from /opt/airflow/dags/chicago_crimes_dag.py
[2026-05-18T18:08:24.170+0000] {processor.py:840} INFO - DAG(s) 'chicago_crimes_ingestion' retrieved from /opt/airflow/dags/chicago_crimes_dag.py
[2026-05-18T18:08:24.178+0000] {logging_mixin.py:188} INFO - [2026-05-18T18:08:24.178+0000] {dag.py:3036} INFO - Sync 1 DAGs
[2026-05-18T18:08:24.249+0000] {logging_mixin.py:188} INFO - [2026-05-18T18:08:24.249+0000] {dag.py:3823} INFO - Setting next_dagrun for chicago_crimes_ingestion to 2026-05-17 00:00:00+00:00, run_after=2026-05-18 00:00:00+00:00
[2026-05-18T18:08:24.255+0000] {processor.py:183} INFO - Processing /opt/airflow/dags/chicago_crimes_dag.py took 0.199 seconds
[2026-05-18T18:08:54.585+0000] {processor.py:161} INFO - Started process (PID=941) to work on /opt/airflow/dags/chicago_crimes_dag.py
[2026-05-18T18:08:54.588+0000] {processor.py:830} INFO - Processing file /opt/airflow/dags/chicago_crimes_dag.py for tasks to queue
[2026-05-18T18:08:54.589+0000] {logging_mixin.py:188} INFO - [2026-05-18T18:08:54.589+0000] {dagbag.py:538} INFO - Filling up the DagBag from /opt/airflow/dags/chicago_crimes_dag.py
[2026-05-18T18:08:54.745+0000] {processor.py:840} INFO - DAG(s) 'chicago_crimes_ingestion' retrieved from /opt/airflow/dags/chicago_crimes_dag.py
[2026-05-18T18:08:54.764+0000] {logging_mixin.py:188} INFO - [2026-05-18T18:08:54.764+0000] {dag.py:3036} INFO - Sync 1 DAGs
[2026-05-18T18:08:54.775+0000] {logging_mixin.py:188} INFO - [2026-05-18T18:08:54.775+0000] {dag.py:3823} INFO - Setting next_dagrun for chicago_crimes_ingestion to 2026-05-17 00:00:00+00:00, run_after=2026-05-18 00:00:00+00:00
[2026-05-18T18:08:54.782+0000] {processor.py:183} INFO - Processing /opt/airflow/dags/chicago_crimes_dag.py took 0.203 seconds
[2026-05-18T18:09:25.048+0000] {processor.py:161} INFO - Started process (PID=947) to work on /opt/airflow/dags/chicago_crimes_dag.py
[2026-05-18T18:09:25.050+0000] {processor.py:830} INFO - Processing file /opt/airflow/dags/chicago_crimes_dag.py for tasks to queue
[2026-05-18T18:09:25.051+0000] {logging_mixin.py:188} INFO - [2026-05-18T18:09:25.050+0000] {dagbag.py:538} INFO - Filling up the DagBag from /opt/airflow/dags/chicago_crimes_dag.py
[2026-05-18T18:09:25.157+0000] {processor.py:840} INFO - DAG(s) 'chicago_crimes_ingestion' retrieved from /opt/airflow/dags/chicago_crimes_dag.py
[2026-05-18T18:09:25.166+0000] {logging_mixin.py:188} INFO - [2026-05-18T18:09:25.166+0000] {dag.py:3036} INFO - Sync 1 DAGs
[2026-05-18T18:09:25.173+0000] {logging_mixin.py:188} INFO - [2026-05-18T18:09:25.173+0000] {dag.py:3823} INFO - Setting next_dagrun for chicago_crimes_ingestion to 2026-05-17 00:00:00+00:00, run_after=2026-05-18 00:00:00+00:00
[2026-05-18T18:09:25.179+0000] {processor.py:183} INFO - Processing /opt/airflow/dags/chicago_crimes_dag.py took 0.135 seconds
[2026-05-18T18:09:55.596+0000] {processor.py:161} INFO - Started process (PID=953) to work on /opt/airflow/dags/chicago_crimes_dag.py
[2026-05-18T18:09:55.599+0000] {processor.py:830} INFO - Processing file /opt/airflow/dags/chicago_crimes_dag.py for tasks to queue
[2026-05-18T18:09:55.600+0000] {logging_mixin.py:188} INFO - [2026-05-18T18:09:55.600+0000] {dagbag.py:538} INFO - Filling up the DagBag from /opt/airflow/dags/chicago_crimes_dag.py
[2026-05-18T18:09:55.760+0000] {processor.py:840} INFO - DAG(s) 'chicago_crimes_ingestion' retrieved from /opt/airflow/dags/chicago_crimes_dag.py
[2026-05-18T18:09:55.774+0000] {logging_mixin.py:188} INFO - [2026-05-18T18:09:55.773+0000] {dag.py:3036} INFO - Sync 1 DAGs
[2026-05-18T18:09:55.783+0000] {logging_mixin.py:188} INFO - [2026-05-18T18:09:55.783+0000] {dag.py:3823} INFO - Setting next_dagrun for chicago_crimes_ingestion to 2026-05-17 00:00:00+00:00, run_after=2026-05-18 00:00:00+00:00
[2026-05-18T18:09:55.792+0000] {processor.py:183} INFO - Processing /opt/airflow/dags/chicago_crimes_dag.py took 0.205 seconds
[2026-05-18T18:10:26.063+0000] {processor.py:161} INFO - Started process (PID=959) to work on /opt/airflow/dags/chicago_crimes_dag.py
[2026-05-18T18:10:26.066+0000] {processor.py:830} INFO - Processing file /opt/airflow/dags/chicago_crimes_dag.py for tasks to queue
[2026-05-18T18:10:26.067+0000] {logging_mixin.py:188} INFO - [2026-05-18T18:10:26.067+0000] {dagbag.py:538} INFO - Filling up the DagBag from /opt/airflow/dags/chicago_crimes_dag.py
[2026-05-18T18:10:26.193+0000] {processor.py:840} INFO - DAG(s) 'chicago_crimes_ingestion' retrieved from /opt/airflow/dags/chicago_crimes_dag.py
[2026-05-18T18:10:26.205+0000] {logging_mixin.py:188} INFO - [2026-05-18T18:10:26.204+0000] {dag.py:3036} INFO - Sync 1 DAGs
[2026-05-18T18:10:26.213+0000] {logging_mixin.py:188} INFO - [2026-05-18T18:10:26.213+0000] {dag.py:3823} INFO - Setting next_dagrun for chicago_crimes_ingestion to 2026-05-17 00:00:00+00:00, run_after=2026-05-18 00:00:00+00:00
[2026-05-18T18:10:26.336+0000] {processor.py:183} INFO - Processing /opt/airflow/dags/chicago_crimes_dag.py took 0.278 seconds
[2026-05-18T18:10:56.502+0000] {processor.py:161} INFO - Started process (PID=965) to work on /opt/airflow/dags/chicago_crimes_dag.py
[2026-05-18T18:10:56.506+0000] {processor.py:830} INFO - Processing file /opt/airflow/dags/chicago_crimes_dag.py for tasks to queue
[2026-05-18T18:10:56.509+0000] {logging_mixin.py:188} INFO - [2026-05-18T18:10:56.508+0000] {dagbag.py:538} INFO - Filling up the DagBag from /opt/airflow/dags/chicago_crimes_dag.py
[2026-05-18T18:10:56.662+0000] {processor.py:840} INFO - DAG(s) 'chicago_crimes_ingestion' retrieved from /opt/airflow/dags/chicago_crimes_dag.py
[2026-05-18T18:10:56.675+0000] {logging_mixin.py:188} INFO - [2026-05-18T18:10:56.675+0000] {dag.py:3036} INFO - Sync 1 DAGs
[2026-05-18T18:10:56.789+0000] {logging_mixin.py:188} INFO - [2026-05-18T18:10:56.789+0000] {dag.py:3823} INFO - Setting next_dagrun for chicago_crimes_ingestion to 2026-05-17 00:00:00+00:00, run_after=2026-05-18 00:00:00+00:00
[2026-05-18T18:10:56.795+0000] {processor.py:183} INFO - Processing /opt/airflow/dags/chicago_crimes_dag.py took 0.303 seconds
[2026-05-18T18:11:27.189+0000] {processor.py:161} INFO - Started process (PID=971) to work on /opt/airflow/dags/chicago_crimes_dag.py
[2026-05-18T18:11:27.192+0000] {processor.py:830} INFO - Processing file /opt/airflow/dags/chicago_crimes_dag.py for tasks to queue
[2026-05-18T18:11:27.193+0000] {logging_mixin.py:188} INFO - [2026-05-18T18:11:27.193+0000] {dagbag.py:538} INFO - Filling up the DagBag from /opt/airflow/dags/chicago_crimes_dag.py
[2026-05-18T18:11:27.298+0000] {processor.py:840} INFO - DAG(s) 'chicago_crimes_ingestion' retrieved from /opt/airflow/dags/chicago_crimes_dag.py
[2026-05-18T18:11:27.307+0000] {logging_mixin.py:188} INFO - [2026-05-18T18:11:27.307+0000] {dag.py:3036} INFO - Sync 1 DAGs
[2026-05-18T18:11:27.373+0000] {logging_mixin.py:188} INFO - [2026-05-18T18:11:27.373+0000] {dag.py:3823} INFO - Setting next_dagrun for chicago_crimes_ingestion to 2026-05-17 00:00:00+00:00, run_after=2026-05-18 00:00:00+00:00
[2026-05-18T18:11:27.379+0000] {processor.py:183} INFO - Processing /opt/airflow/dags/chicago_crimes_dag.py took 0.192 seconds
[2026-05-18T18:11:57.624+0000] {processor.py:161} INFO - Started process (PID=977) to work on /opt/airflow/dags/chicago_crimes_dag.py
[2026-05-18T18:11:57.626+0000] {processor.py:830} INFO - Processing file /opt/airflow/dags/chicago_crimes_dag.py for tasks to queue
[2026-05-18T18:11:57.628+0000] {logging_mixin.py:188} INFO - [2026-05-18T18:11:57.627+0000] {dagbag.py:538} INFO - Filling up the DagBag from /opt/airflow/dags/chicago_crimes_dag.py
[2026-05-18T18:11:57.802+0000] {processor.py:840} INFO - DAG(s) 'chicago_crimes_ingestion' retrieved from /opt/airflow/dags/chicago_crimes_dag.py
[2026-05-18T18:11:57.817+0000] {logging_mixin.py:188} INFO - [2026-05-18T18:11:57.817+0000] {dag.py:3036} INFO - Sync 1 DAGs
[2026-05-18T18:11:57.827+0000] {logging_mixin.py:188} INFO - [2026-05-18T18:11:57.827+0000] {dag.py:3823} INFO - Setting next_dagrun for chicago_crimes_ingestion to 2026-05-17 00:00:00+00:00, run_after=2026-05-18 00:00:00+00:00
[2026-05-18T18:11:57.834+0000] {processor.py:183} INFO - Processing /opt/airflow/dags/chicago_crimes_dag.py took 0.216 seconds
[2026-05-18T18:12:28.207+0000] {processor.py:161} INFO - Started process (PID=983) to work on /opt/airflow/dags/chicago_crimes_dag.py
[2026-05-18T18:12:28.209+0000] {processor.py:830} INFO - Processing file /opt/airflow/dags/chicago_crimes_dag.py for tasks to queue
[2026-05-18T18:12:28.210+0000] {logging_mixin.py:188} INFO - [2026-05-18T18:12:28.209+0000] {dagbag.py:538} INFO - Filling up the DagBag from /opt/airflow/dags/chicago_crimes_dag.py
[2026-05-18T18:12:28.317+0000] {processor.py:840} INFO - DAG(s) 'chicago_crimes_ingestion' retrieved from /opt/airflow/dags/chicago_crimes_dag.py
[2026-05-18T18:12:28.326+0000] {logging_mixin.py:188} INFO - [2026-05-18T18:12:28.326+0000] {dag.py:3036} INFO - Sync 1 DAGs
[2026-05-18T18:12:28.334+0000] {logging_mixin.py:188} INFO - [2026-05-18T18:12:28.334+0000] {dag.py:3823} INFO - Setting next_dagrun for chicago_crimes_ingestion to 2026-05-17 00:00:00+00:00, run_after=2026-05-18 00:00:00+00:00
[2026-05-18T18:12:28.340+0000] {processor.py:183} INFO - Processing /opt/airflow/dags/chicago_crimes_dag.py took 0.137 seconds
[2026-05-18T18:12:58.686+0000] {processor.py:161} INFO - Started process (PID=989) to work on /opt/airflow/dags/chicago_crimes_dag.py
[2026-05-18T18:12:58.687+0000] {processor.py:830} INFO - Processing file /opt/airflow/dags/chicago_crimes_dag.py for tasks to queue
[2026-05-18T18:12:58.689+0000] {logging_mixin.py:188} INFO - [2026-05-18T18:12:58.688+0000] {dagbag.py:538} INFO - Filling up the DagBag from /opt/airflow/dags/chicago_crimes_dag.py
[2026-05-18T18:12:58.841+0000] {processor.py:840} INFO - DAG(s) 'chicago_crimes_ingestion' retrieved from /opt/airflow/dags/chicago_crimes_dag.py
[2026-05-18T18:12:58.855+0000] {logging_mixin.py:188} INFO - [2026-05-18T18:12:58.855+0000] {dag.py:3036} INFO - Sync 1 DAGs
[2026-05-18T18:12:58.869+0000] {logging_mixin.py:188} INFO - [2026-05-18T18:12:58.869+0000] {dag.py:3823} INFO - Setting next_dagrun for chicago_crimes_ingestion to 2026-05-17 00:00:00+00:00, run_after=2026-05-18 00:00:00+00:00
[2026-05-18T18:12:58.876+0000] {processor.py:183} INFO - Processing /opt/airflow/dags/chicago_crimes_dag.py took 0.197 seconds
[2026-05-18T18:13:29.209+0000] {processor.py:161} INFO - Started process (PID=995) to work on /opt/airflow/dags/chicago_crimes_dag.py
[2026-05-18T18:13:29.211+0000] {processor.py:830} INFO - Processing file /opt/airflow/dags/chicago_crimes_dag.py for tasks to queue
[2026-05-18T18:13:29.212+0000] {logging_mixin.py:188} INFO - [2026-05-18T18:13:29.212+0000] {dagbag.py:538} INFO - Filling up the DagBag from /opt/airflow/dags/chicago_crimes_dag.py
[2026-05-18T18:13:29.323+0000] {processor.py:840} INFO - DAG(s) 'chicago_crimes_ingestion' retrieved from /opt/airflow/dags/chicago_crimes_dag.py
[2026-05-18T18:13:29.332+0000] {logging_mixin.py:188} INFO - [2026-05-18T18:13:29.332+0000] {dag.py:3036} INFO - Sync 1 DAGs
[2026-05-18T18:13:29.341+0000] {logging_mixin.py:188} INFO - [2026-05-18T18:13:29.341+0000] {dag.py:3823} INFO - Setting next_dagrun for chicago_crimes_ingestion to 2026-05-17 00:00:00+00:00, run_after=2026-05-18 00:00:00+00:00
[2026-05-18T18:13:29.465+0000] {processor.py:183} INFO - Processing /opt/airflow/dags/chicago_crimes_dag.py took 0.260 seconds
[2026-05-18T18:13:59.706+0000] {processor.py:161} INFO - Started process (PID=1001) to work on /opt/airflow/dags/chicago_crimes_dag.py
[2026-05-18T18:13:59.710+0000] {processor.py:830} INFO - Processing file /opt/airflow/dags/chicago_crimes_dag.py for tasks to queue
[2026-05-18T18:13:59.711+0000] {logging_mixin.py:188} INFO - [2026-05-18T18:13:59.710+0000] {dagbag.py:538} INFO - Filling up the DagBag from /opt/airflow/dags/chicago_crimes_dag.py
[2026-05-18T18:13:59.893+0000] {processor.py:840} INFO - DAG(s) 'chicago_crimes_ingestion' retrieved from /opt/airflow/dags/chicago_crimes_dag.py
[2026-05-18T18:13:59.913+0000] {logging_mixin.py:188} INFO - [2026-05-18T18:13:59.913+0000] {dag.py:3036} INFO - Sync 1 DAGs
[2026-05-18T18:14:00.058+0000] {logging_mixin.py:188} INFO - [2026-05-18T18:14:00.058+0000] {dag.py:3823} INFO - Setting next_dagrun for chicago_crimes_ingestion to 2026-05-17 00:00:00+00:00, run_after=2026-05-18 00:00:00+00:00
[2026-05-18T18:14:00.065+0000] {processor.py:183} INFO - Processing /opt/airflow/dags/chicago_crimes_dag.py took 0.366 seconds
[2026-05-18T18:14:30.428+0000] {processor.py:161} INFO - Started process (PID=1007) to work on /opt/airflow/dags/chicago_crimes_dag.py
[2026-05-18T18:14:30.430+0000] {processor.py:830} INFO - Processing file /opt/airflow/dags/chicago_crimes_dag.py for tasks to queue
[2026-05-18T18:14:30.431+0000] {logging_mixin.py:188} INFO - [2026-05-18T18:14:30.431+0000] {dagbag.py:538} INFO - Filling up the DagBag from /opt/airflow/dags/chicago_crimes_dag.py
[2026-05-18T18:14:30.591+0000] {processor.py:840} INFO - DAG(s) 'chicago_crimes_ingestion' retrieved from /opt/airflow/dags/chicago_crimes_dag.py
[2026-05-18T18:14:30.612+0000] {logging_mixin.py:188} INFO - [2026-05-18T18:14:30.612+0000] {dag.py:3036} INFO - Sync 1 DAGs
[2026-05-18T18:14:30.741+0000] {logging_mixin.py:188} INFO - [2026-05-18T18:14:30.741+0000] {dag.py:3823} INFO - Setting next_dagrun for chicago_crimes_ingestion to 2026-05-17 00:00:00+00:00, run_after=2026-05-18 00:00:00+00:00
[2026-05-18T18:14:30.748+0000] {processor.py:183} INFO - Processing /opt/airflow/dags/chicago_crimes_dag.py took 0.327 seconds
[2026-05-18T18:45:50.423+0000] {processor.py:161} INFO - Started process (PID=1013) to work on /opt/airflow/dags/chicago_crimes_dag.py
[2026-05-18T18:45:50.424+0000] {processor.py:830} INFO - Processing file /opt/airflow/dags/chicago_crimes_dag.py for tasks to queue
[2026-05-18T18:45:50.424+0000] {logging_mixin.py:188} INFO - [2026-05-18T18:45:50.424+0000] {dagbag.py:538} INFO - Filling up the DagBag from /opt/airflow/dags/chicago_crimes_dag.py
[2026-05-18T18:45:50.807+0000] {processor.py:840} INFO - DAG(s) 'chicago_crimes_ingestion' retrieved from /opt/airflow/dags/chicago_crimes_dag.py
[2026-05-18T18:45:50.867+0000] {logging_mixin.py:188} INFO - [2026-05-18T18:45:50.866+0000] {dag.py:3036} INFO - Sync 1 DAGs
[2026-05-18T18:45:51.242+0000] {logging_mixin.py:188} INFO - [2026-05-18T18:45:51.242+0000] {dag.py:3823} INFO - Setting next_dagrun for chicago_crimes_ingestion to 2026-05-17 00:00:00+00:00, run_after=2026-05-18 00:00:00+00:00
[2026-05-18T18:45:51.251+0000] {processor.py:183} INFO - Processing /opt/airflow/dags/chicago_crimes_dag.py took 0.831 seconds
[2026-05-18T18:46:21.710+0000] {processor.py:161} INFO - Started process (PID=1021) to work on /opt/airflow/dags/chicago_crimes_dag.py
[2026-05-18T18:46:21.713+0000] {processor.py:830} INFO - Processing file /opt/airflow/dags/chicago_crimes_dag.py for tasks to queue
[2026-05-18T18:46:21.715+0000] {logging_mixin.py:188} INFO - [2026-05-18T18:46:21.714+0000] {dagbag.py:538} INFO - Filling up the DagBag from /opt/airflow/dags/chicago_crimes_dag.py
[2026-05-18T18:46:21.899+0000] {processor.py:840} INFO - DAG(s) 'chicago_crimes_ingestion' retrieved from /opt/airflow/dags/chicago_crimes_dag.py
[2026-05-18T18:46:21.921+0000] {logging_mixin.py:188} INFO - [2026-05-18T18:46:21.920+0000] {dag.py:3036} INFO - Sync 1 DAGs
[2026-05-18T18:46:21.932+0000] {logging_mixin.py:188} INFO - [2026-05-18T18:46:21.932+0000] {dag.py:3823} INFO - Setting next_dagrun for chicago_crimes_ingestion to 2026-05-17 00:00:00+00:00, run_after=2026-05-18 00:00:00+00:00
[2026-05-18T18:46:21.939+0000] {processor.py:183} INFO - Processing /opt/airflow/dags/chicago_crimes_dag.py took 0.238 seconds
[2026-05-18T19:03:22.243+0000] {processor.py:161} INFO - Started process (PID=1027) to work on /opt/airflow/dags/chicago_crimes_dag.py
[2026-05-18T19:03:22.244+0000] {processor.py:830} INFO - Processing file /opt/airflow/dags/chicago_crimes_dag.py for tasks to queue
[2026-05-18T19:03:22.245+0000] {logging_mixin.py:188} INFO - [2026-05-18T19:03:22.245+0000] {dagbag.py:538} INFO - Filling up the DagBag from /opt/airflow/dags/chicago_crimes_dag.py
[2026-05-18T19:03:22.395+0000] {processor.py:840} INFO - DAG(s) 'chicago_crimes_ingestion' retrieved from /opt/airflow/dags/chicago_crimes_dag.py
[2026-05-18T19:03:22.411+0000] {logging_mixin.py:188} INFO - [2026-05-18T19:03:22.411+0000] {dag.py:3036} INFO - Sync 1 DAGs
[2026-05-18T19:03:22.421+0000] {logging_mixin.py:188} INFO - [2026-05-18T19:03:22.421+0000] {dag.py:3823} INFO - Setting next_dagrun for chicago_crimes_ingestion to 2026-05-17 00:00:00+00:00, run_after=2026-05-18 00:00:00+00:00
[2026-05-18T19:03:22.428+0000] {processor.py:183} INFO - Processing /opt/airflow/dags/chicago_crimes_dag.py took 0.190 seconds
[2026-05-18T19:18:54.525+0000] {processor.py:161} INFO - Started process (PID=1035) to work on /opt/airflow/dags/chicago_crimes_dag.py
[2026-05-18T19:18:54.526+0000] {processor.py:830} INFO - Processing file /opt/airflow/dags/chicago_crimes_dag.py for tasks to queue
[2026-05-18T19:18:54.528+0000] {logging_mixin.py:188} INFO - [2026-05-18T19:18:54.527+0000] {dagbag.py:538} INFO - Filling up the DagBag from /opt/airflow/dags/chicago_crimes_dag.py
[2026-05-18T19:18:54.812+0000] {processor.py:840} INFO - DAG(s) 'chicago_crimes_ingestion' retrieved from /opt/airflow/dags/chicago_crimes_dag.py
[2026-05-18T19:18:54.845+0000] {logging_mixin.py:188} INFO - [2026-05-18T19:18:54.845+0000] {dag.py:3036} INFO - Sync 1 DAGs
[2026-05-18T19:18:54.870+0000] {logging_mixin.py:188} INFO - [2026-05-18T19:18:54.870+0000] {dag.py:3823} INFO - Setting next_dagrun for chicago_crimes_ingestion to 2026-05-17 00:00:00+00:00, run_after=2026-05-18 00:00:00+00:00
[2026-05-18T19:18:55.167+0000] {processor.py:183} INFO - Processing /opt/airflow/dags/chicago_crimes_dag.py took 0.649 seconds
[2026-05-18T19:34:24.971+0000] {processor.py:161} INFO - Started process (PID=1041) to work on /opt/airflow/dags/chicago_crimes_dag.py
[2026-05-18T19:34:24.973+0000] {processor.py:830} INFO - Processing file /opt/airflow/dags/chicago_crimes_dag.py for tasks to queue
[2026-05-18T19:34:24.977+0000] {logging_mixin.py:188} INFO - [2026-05-18T19:34:24.976+0000] {dagbag.py:538} INFO - Filling up the DagBag from /opt/airflow/dags/chicago_crimes_dag.py
[2026-05-18T19:34:25.277+0000] {processor.py:840} INFO - DAG(s) 'chicago_crimes_ingestion' retrieved from /opt/airflow/dags/chicago_crimes_dag.py
[2026-05-18T19:34:25.315+0000] {logging_mixin.py:188} INFO - [2026-05-18T19:34:25.314+0000] {dag.py:3036} INFO - Sync 1 DAGs
[2026-05-18T19:34:25.498+0000] {logging_mixin.py:188} INFO - [2026-05-18T19:34:25.498+0000] {dag.py:3823} INFO - Setting next_dagrun for chicago_crimes_ingestion to 2026-05-17 00:00:00+00:00, run_after=2026-05-18 00:00:00+00:00
[2026-05-18T19:34:25.515+0000] {processor.py:183} INFO - Processing /opt/airflow/dags/chicago_crimes_dag.py took 0.554 seconds
[2026-05-18T19:46:48.774+0000] {processor.py:161} INFO - Started process (PID=1047) to work on /opt/airflow/dags/chicago_crimes_dag.py
[2026-05-18T19:46:48.776+0000] {processor.py:830} INFO - Processing file /opt/airflow/dags/chicago_crimes_dag.py for tasks to queue
[2026-05-18T19:46:48.779+0000] {logging_mixin.py:188} INFO - [2026-05-18T19:46:48.778+0000] {dagbag.py:538} INFO - Filling up the DagBag from /opt/airflow/dags/chicago_crimes_dag.py
[2026-05-18T19:46:49.066+0000] {processor.py:840} INFO - DAG(s) 'chicago_crimes_ingestion' retrieved from /opt/airflow/dags/chicago_crimes_dag.py
[2026-05-18T19:46:49.104+0000] {logging_mixin.py:188} INFO - [2026-05-18T19:46:49.103+0000] {dag.py:3036} INFO - Sync 1 DAGs
[2026-05-18T19:46:49.295+0000] {logging_mixin.py:188} INFO - [2026-05-18T19:46:49.295+0000] {dag.py:3823} INFO - Setting next_dagrun for chicago_crimes_ingestion to 2026-05-17 00:00:00+00:00, run_after=2026-05-18 00:00:00+00:00
[2026-05-18T19:46:49.314+0000] {processor.py:183} INFO - Processing /opt/airflow/dags/chicago_crimes_dag.py took 0.547 seconds
[2026-05-18T19:47:19.643+0000] {processor.py:161} INFO - Started process (PID=1053) to work on /opt/airflow/dags/chicago_crimes_dag.py
[2026-05-18T19:47:19.646+0000] {processor.py:830} INFO - Processing file /opt/airflow/dags/chicago_crimes_dag.py for tasks to queue
[2026-05-18T19:47:19.647+0000] {logging_mixin.py:188} INFO - [2026-05-18T19:47:19.646+0000] {dagbag.py:538} INFO - Filling up the DagBag from /opt/airflow/dags/chicago_crimes_dag.py
[2026-05-18T19:47:19.813+0000] {processor.py:840} INFO - DAG(s) 'chicago_crimes_ingestion' retrieved from /opt/airflow/dags/chicago_crimes_dag.py
[2026-05-18T19:47:19.841+0000] {logging_mixin.py:188} INFO - [2026-05-18T19:47:19.841+0000] {dag.py:3036} INFO - Sync 1 DAGs
[2026-05-18T19:47:19.855+0000] {logging_mixin.py:188} INFO - [2026-05-18T19:47:19.855+0000] {dag.py:3823} INFO - Setting next_dagrun for chicago_crimes_ingestion to 2026-05-17 00:00:00+00:00, run_after=2026-05-18 00:00:00+00:00
[2026-05-18T19:47:19.863+0000] {processor.py:183} INFO - Processing /opt/airflow/dags/chicago_crimes_dag.py took 0.225 seconds
[2026-05-18T20:06:37.889+0000] {processor.py:161} INFO - Started process (PID=1059) to work on /opt/airflow/dags/chicago_crimes_dag.py
[2026-05-18T20:06:37.893+0000] {processor.py:830} INFO - Processing file /opt/airflow/dags/chicago_crimes_dag.py for tasks to queue
[2026-05-18T20:06:37.896+0000] {logging_mixin.py:188} INFO - [2026-05-18T20:06:37.894+0000] {dagbag.py:538} INFO - Filling up the DagBag from /opt/airflow/dags/chicago_crimes_dag.py
[2026-05-18T20:06:38.131+0000] {processor.py:840} INFO - DAG(s) 'chicago_crimes_ingestion' retrieved from /opt/airflow/dags/chicago_crimes_dag.py
[2026-05-18T20:06:38.148+0000] {logging_mixin.py:188} INFO - [2026-05-18T20:06:38.148+0000] {dag.py:3036} INFO - Sync 1 DAGs
[2026-05-18T20:06:38.160+0000] {logging_mixin.py:188} INFO - [2026-05-18T20:06:38.160+0000] {dag.py:3823} INFO - Setting next_dagrun for chicago_crimes_ingestion to 2026-05-17 00:00:00+00:00, run_after=2026-05-18 00:00:00+00:00
[2026-05-18T20:06:38.169+0000] {processor.py:183} INFO - Processing /opt/airflow/dags/chicago_crimes_dag.py took 0.285 seconds
[2026-05-18T21:12:47.734+0000] {processor.py:161} INFO - Started process (PID=1065) to work on /opt/airflow/dags/chicago_crimes_dag.py
[2026-05-18T21:12:47.737+0000] {processor.py:830} INFO - Processing file /opt/airflow/dags/chicago_crimes_dag.py for tasks to queue
[2026-05-18T21:12:47.737+0000] {logging_mixin.py:188} INFO - [2026-05-18T21:12:47.737+0000] {dagbag.py:538} INFO - Filling up the DagBag from /opt/airflow/dags/chicago_crimes_dag.py
[2026-05-18T21:12:47.912+0000] {processor.py:840} INFO - DAG(s) 'chicago_crimes_ingestion' retrieved from /opt/airflow/dags/chicago_crimes_dag.py
[2026-05-18T21:12:47.927+0000] {logging_mixin.py:188} INFO - [2026-05-18T21:12:47.927+0000] {dag.py:3036} INFO - Sync 1 DAGs
[2026-05-18T21:12:47.941+0000] {logging_mixin.py:188} INFO - [2026-05-18T21:12:47.941+0000] {dag.py:3823} INFO - Setting next_dagrun for chicago_crimes_ingestion to 2026-05-17 00:00:00+00:00, run_after=2026-05-18 00:00:00+00:00
[2026-05-18T21:12:48.049+0000] {processor.py:183} INFO - Processing /opt/airflow/dags/chicago_crimes_dag.py took 0.318 seconds
[2026-05-18T22:10:38.435+0000] {processor.py:161} INFO - Started process (PID=1071) to work on /opt/airflow/dags/chicago_crimes_dag.py
[2026-05-18T22:10:38.437+0000] {processor.py:830} INFO - Processing file /opt/airflow/dags/chicago_crimes_dag.py for tasks to queue
[2026-05-18T22:10:38.438+0000] {logging_mixin.py:188} INFO - [2026-05-18T22:10:38.437+0000] {dagbag.py:538} INFO - Filling up the DagBag from /opt/airflow/dags/chicago_crimes_dag.py
[2026-05-18T22:10:38.591+0000] {processor.py:840} INFO - DAG(s) 'chicago_crimes_ingestion' retrieved from /opt/airflow/dags/chicago_crimes_dag.py
[2026-05-18T22:10:38.602+0000] {logging_mixin.py:188} INFO - [2026-05-18T22:10:38.602+0000] {dag.py:3036} INFO - Sync 1 DAGs
[2026-05-18T22:10:38.701+0000] {logging_mixin.py:188} INFO - [2026-05-18T22:10:38.701+0000] {dag.py:3823} INFO - Setting next_dagrun for chicago_crimes_ingestion to 2026-05-17 00:00:00+00:00, run_after=2026-05-18 00:00:00+00:00
[2026-05-18T22:10:38.707+0000] {processor.py:183} INFO - Processing /opt/airflow/dags/chicago_crimes_dag.py took 0.276 seconds
[2026-05-18T22:39:56.556+0000] {processor.py:161} INFO - Started process (PID=1077) to work on /opt/airflow/dags/chicago_crimes_dag.py
[2026-05-18T22:39:56.557+0000] {processor.py:830} INFO - Processing file /opt/airflow/dags/chicago_crimes_dag.py for tasks to queue
[2026-05-18T22:39:56.558+0000] {logging_mixin.py:188} INFO - [2026-05-18T22:39:56.558+0000] {dagbag.py:538} INFO - Filling up the DagBag from /opt/airflow/dags/chicago_crimes_dag.py
[2026-05-18T22:39:56.736+0000] {processor.py:840} INFO - DAG(s) 'chicago_crimes_ingestion' retrieved from /opt/airflow/dags/chicago_crimes_dag.py
[2026-05-18T22:39:56.750+0000] {logging_mixin.py:188} INFO - [2026-05-18T22:39:56.750+0000] {dag.py:3036} INFO - Sync 1 DAGs
[2026-05-18T22:39:56.870+0000] {logging_mixin.py:188} INFO - [2026-05-18T22:39:56.870+0000] {dag.py:3823} INFO - Setting next_dagrun for chicago_crimes_ingestion to 2026-05-17 00:00:00+00:00, run_after=2026-05-18 00:00:00+00:00
[2026-05-18T22:39:56.891+0000] {processor.py:183} INFO - Processing /opt/airflow/dags/chicago_crimes_dag.py took 0.340 seconds
[2026-05-18T23:13:12.259+0000] {processor.py:161} INFO - Started process (PID=1085) to work on /opt/airflow/dags/chicago_crimes_dag.py
[2026-05-18T23:13:12.261+0000] {processor.py:830} INFO - Processing file /opt/airflow/dags/chicago_crimes_dag.py for tasks to queue
[2026-05-18T23:13:12.262+0000] {logging_mixin.py:188} INFO - [2026-05-18T23:13:12.261+0000] {dagbag.py:538} INFO - Filling up the DagBag from /opt/airflow/dags/chicago_crimes_dag.py
[2026-05-18T23:13:12.452+0000] {processor.py:840} INFO - DAG(s) 'chicago_crimes_ingestion' retrieved from /opt/airflow/dags/chicago_crimes_dag.py
[2026-05-18T23:13:12.601+0000] {logging_mixin.py:188} INFO - [2026-05-18T23:13:12.601+0000] {dag.py:3036} INFO - Sync 1 DAGs
[2026-05-18T23:13:12.622+0000] {logging_mixin.py:188} INFO - [2026-05-18T23:13:12.622+0000] {dag.py:3823} INFO - Setting next_dagrun for chicago_crimes_ingestion to 2026-05-17 00:00:00+00:00, run_after=2026-05-18 00:00:00+00:00
[2026-05-18T23:13:12.644+0000] {processor.py:183} INFO - Processing /opt/airflow/dags/chicago_crimes_dag.py took 0.398 seconds
